{"/Users/mhostetler/Source/MikeHostetler/wreckitloop/src/cli-utils.ts": {"path":"/Users/mhostetler/Source/MikeHostetler/wreckitloop/src/cli-utils.ts","all":false,"statementMap":{"1":{"start":{"line":2,"column":0},"end":{"line":2,"column":54}},"10":{"start":{"line":11,"column":0},"end":{"line":11,"column":37}},"11":{"start":{"line":12,"column":0},"end":{"line":12,"column":26}},"12":{"start":{"line":13,"column":0},"end":{"line":13,"column":17}},"13":{"start":{"line":14,"column":0},"end":{"line":14,"column":25}},"14":{"start":{"line":15,"column":0},"end":{"line":15,"column":26}},"15":{"start":{"line":16,"column":0},"end":{"line":16,"column":7}},"16":{"start":{"line":17,"column":0},"end":{"line":17,"column":15}},"17":{"start":{"line":18,"column":0},"end":{"line":18,"column":19}},"18":{"start":{"line":19,"column":0},"end":{"line":19,"column":40}},"19":{"start":{"line":20,"column":0},"end":{"line":20,"column":36}},"20":{"start":{"line":21,"column":0},"end":{"line":21,"column":3}},"21":{"start":{"line":22,"column":0},"end":{"line":22,"column":1}},"23":{"start":{"line":24,"column":0},"end":{"line":24,"column":28}},"24":{"start":{"line":25,"column":0},"end":{"line":25,"column":17}},"25":{"start":{"line":26,"column":0},"end":{"line":26,"column":17}},"26":{"start":{"line":27,"column":0},"end":{"line":27,"column":25}},"27":{"start":{"line":28,"column":0},"end":{"line":28,"column":9}},"28":{"start":{"line":29,"column":0},"end":{"line":29,"column":30}},"29":{"start":{"line":30,"column":0},"end":{"line":30,"column":53}},"30":{"start":{"line":31,"column":0},"end":{"line":31,"column":38}},"31":{"start":{"line":32,"column":0},"end":{"line":32,"column":32}},"32":{"start":{"line":33,"column":0},"end":{"line":33,"column":26}},"33":{"start":{"line":34,"column":0},"end":{"line":34,"column":38}},"34":{"start":{"line":35,"column":0},"end":{"line":35,"column":5}},"35":{"start":{"line":36,"column":0},"end":{"line":36,"column":10}},"36":{"start":{"line":37,"column":0},"end":{"line":37,"column":32}},"37":{"start":{"line":38,"column":0},"end":{"line":38,"column":3}},"38":{"start":{"line":39,"column":0},"end":{"line":39,"column":1}},"40":{"start":{"line":41,"column":0},"end":{"line":41,"column":61}},"41":{"start":{"line":42,"column":0},"end":{"line":42,"column":26}},"43":{"start":{"line":44,"column":0},"end":{"line":44,"column":30}},"44":{"start":{"line":45,"column":0},"end":{"line":45,"column":22}},"45":{"start":{"line":46,"column":0},"end":{"line":46,"column":24}},"46":{"start":{"line":47,"column":0},"end":{"line":47,"column":5}},"47":{"start":{"line":48,"column":0},"end":{"line":48,"column":23}},"48":{"start":{"line":49,"column":0},"end":{"line":49,"column":68}},"49":{"start":{"line":50,"column":0},"end":{"line":50,"column":45}},"50":{"start":{"line":51,"column":0},"end":{"line":51,"column":5}},"51":{"start":{"line":52,"column":0},"end":{"line":52,"column":1}}},"s":{"1":1,"10":7,"11":7,"12":7,"13":7,"14":7,"15":7,"16":7,"17":7,"18":6,"19":6,"20":6,"21":7,"23":1,"24":14,"25":14,"26":14,"27":14,"28":14,"29":3,"30":14,"31":6,"32":6,"33":2,"34":2,"35":11,"36":5,"37":5,"38":14,"40":1,"41":0,"43":0,"44":0,"45":0,"46":0,"47":0,"48":0,"49":0,"50":0,"51":0},"branchMap":{"0":{"type":"branch","line":11,"loc":{"start":{"line":11,"column":0},"end":{"line":22,"column":1}},"locations":[{"start":{"line":11,"column":0},"end":{"line":22,"column":1}}]},"1":{"type":"branch","line":17,"loc":{"start":{"line":17,"column":13},"end":{"line":18,"column":11}},"locations":[{"start":{"line":17,"column":13},"end":{"line":18,"column":11}}]},"2":{"type":"branch","line":18,"loc":{"start":{"line":18,"column":2},"end":{"line":21,"column":3}},"locations":[{"start":{"line":18,"column":2},"end":{"line":21,"column":3}}]},"3":{"type":"branch","line":24,"loc":{"start":{"line":24,"column":7},"end":{"line":39,"column":1}},"locations":[{"start":{"line":24,"column":7},"end":{"line":39,"column":1}}]},"4":{"type":"branch","line":29,"loc":{"start":{"line":29,"column":29},"end":{"line":31,"column":13}},"locations":[{"start":{"line":29,"column":29},"end":{"line":31,"column":13}}]},"5":{"type":"branch","line":31,"loc":{"start":{"line":31,"column":2},"end":{"line":38,"column":3}},"locations":[{"start":{"line":31,"column":2},"end":{"line":38,"column":3}}]},"6":{"type":"branch","line":31,"loc":{"start":{"line":31,"column":37},"end":{"line":36,"column":9}},"locations":[{"start":{"line":31,"column":37},"end":{"line":36,"column":9}}]},"7":{"type":"branch","line":33,"loc":{"start":{"line":33,"column":25},"end":{"line":35,"column":5}},"locations":[{"start":{"line":33,"column":25},"end":{"line":35,"column":5}}]},"8":{"type":"branch","line":34,"loc":{"start":{"line":34,"column":25},"end":{"line":34,"column":36}},"locations":[{"start":{"line":34,"column":25},"end":{"line":34,"column":36}}]},"9":{"type":"branch","line":36,"loc":{"start":{"line":36,"column":2},"end":{"line":38,"column":3}},"locations":[{"start":{"line":36,"column":2},"end":{"line":38,"column":3}}]}},"b":{"0":[7],"1":[1],"2":[6],"3":[14],"4":[3],"5":[11],"6":[6],"7":[2],"8":[0],"9":[5]},"fnMap":{"0":{"name":"executeCommand","decl":{"start":{"line":11,"column":0},"end":{"line":22,"column":1}},"loc":{"start":{"line":11,"column":0},"end":{"line":22,"column":1}},"line":11},"1":{"name":"handleError","decl":{"start":{"line":24,"column":7},"end":{"line":39,"column":1}},"loc":{"start":{"line":24,"column":7},"end":{"line":39,"column":1}},"line":24},"2":{"name":"setupInterruptHandler","decl":{"start":{"line":41,"column":7},"end":{"line":52,"column":1}},"loc":{"start":{"line":41,"column":7},"end":{"line":52,"column":1}},"line":41}},"f":{"0":7,"1":14,"2":0}}
,"/Users/mhostetler/Source/MikeHostetler/wreckitloop/src/config.ts": {"path":"/Users/mhostetler/Source/MikeHostetler/wreckitloop/src/config.ts","all":false,"statementMap":{"0":{"start":{"line":1,"column":0},"end":{"line":1,"column":39}},"1":{"start":{"line":2,"column":0},"end":{"line":2,"column":54}},"2":{"start":{"line":3,"column":0},"end":{"line":3,"column":58}},"3":{"start":{"line":4,"column":0},"end":{"line":4,"column":8}},"32":{"start":{"line":33,"column":0},"end":{"line":33,"column":47}},"33":{"start":{"line":34,"column":0},"end":{"line":34,"column":20}},"34":{"start":{"line":35,"column":0},"end":{"line":35,"column":22}},"35":{"start":{"line":36,"column":0},"end":{"line":36,"column":28}},"36":{"start":{"line":37,"column":0},"end":{"line":37,"column":10}},"37":{"start":{"line":38,"column":0},"end":{"line":38,"column":19}},"38":{"start":{"line":39,"column":0},"end":{"line":39,"column":38}},"39":{"start":{"line":40,"column":0},"end":{"line":40,"column":53}},"40":{"start":{"line":41,"column":0},"end":{"line":41,"column":4}},"41":{"start":{"line":42,"column":0},"end":{"line":42,"column":22}},"42":{"start":{"line":43,"column":0},"end":{"line":43,"column":24}},"43":{"start":{"line":44,"column":0},"end":{"line":44,"column":2}},"45":{"start":{"line":46,"column":0},"end":{"line":46,"column":77}},"46":{"start":{"line":47,"column":0},"end":{"line":47,"column":29}},"47":{"start":{"line":48,"column":0},"end":{"line":48,"column":7}},"48":{"start":{"line":49,"column":0},"end":{"line":49,"column":71}},"49":{"start":{"line":50,"column":0},"end":{"line":50,"column":62}},"50":{"start":{"line":51,"column":0},"end":{"line":51,"column":26}},"51":{"start":{"line":52,"column":0},"end":{"line":52,"column":44}},"52":{"start":{"line":53,"column":0},"end":{"line":53,"column":49}},"53":{"start":{"line":54,"column":0},"end":{"line":54,"column":7}},"54":{"start":{"line":55,"column":0},"end":{"line":55,"column":34}},"56":{"start":{"line":57,"column":0},"end":{"line":57,"column":10}},"57":{"start":{"line":58,"column":0},"end":{"line":58,"column":76}},"58":{"start":{"line":59,"column":0},"end":{"line":59,"column":67}},"59":{"start":{"line":60,"column":0},"end":{"line":60,"column":73}},"60":{"start":{"line":61,"column":0},"end":{"line":61,"column":10}},"61":{"start":{"line":62,"column":0},"end":{"line":62,"column":76}},"62":{"start":{"line":63,"column":0},"end":{"line":63,"column":79}},"63":{"start":{"line":64,"column":0},"end":{"line":64,"column":4}},"64":{"start":{"line":65,"column":0},"end":{"line":65,"column":1}},"66":{"start":{"line":67,"column":0},"end":{"line":67,"column":31}},"67":{"start":{"line":68,"column":0},"end":{"line":68,"column":25}},"68":{"start":{"line":69,"column":0},"end":{"line":69,"column":28}},"69":{"start":{"line":70,"column":0},"end":{"line":70,"column":19}},"70":{"start":{"line":71,"column":0},"end":{"line":71,"column":10}},"71":{"start":{"line":72,"column":0},"end":{"line":72,"column":42}},"72":{"start":{"line":73,"column":0},"end":{"line":73,"column":60}},"73":{"start":{"line":74,"column":0},"end":{"line":74,"column":66}},"74":{"start":{"line":75,"column":0},"end":{"line":75,"column":12}},"75":{"start":{"line":76,"column":0},"end":{"line":76,"column":62}},"76":{"start":{"line":77,"column":0},"end":{"line":77,"column":53}},"77":{"start":{"line":78,"column":0},"end":{"line":78,"column":24}},"78":{"start":{"line":79,"column":0},"end":{"line":79,"column":69}},"79":{"start":{"line":80,"column":0},"end":{"line":80,"column":6}},"80":{"start":{"line":81,"column":0},"end":{"line":81,"column":69}},"81":{"start":{"line":82,"column":0},"end":{"line":82,"column":72}},"82":{"start":{"line":83,"column":0},"end":{"line":83,"column":4}},"83":{"start":{"line":84,"column":0},"end":{"line":84,"column":1}},"85":{"start":{"line":86,"column":0},"end":{"line":86,"column":33}},"86":{"start":{"line":87,"column":0},"end":{"line":87,"column":15}},"87":{"start":{"line":88,"column":0},"end":{"line":88,"column":29}},"88":{"start":{"line":89,"column":0},"end":{"line":89,"column":28}},"89":{"start":{"line":90,"column":0},"end":{"line":90,"column":41}},"90":{"start":{"line":91,"column":0},"end":{"line":91,"column":36}},"92":{"start":{"line":93,"column":0},"end":{"line":93,"column":7}},"93":{"start":{"line":94,"column":0},"end":{"line":94,"column":59}},"94":{"start":{"line":95,"column":0},"end":{"line":95,"column":22}},"95":{"start":{"line":96,"column":0},"end":{"line":96,"column":9}},"96":{"start":{"line":97,"column":0},"end":{"line":97,"column":33}},"97":{"start":{"line":98,"column":0},"end":{"line":98,"column":13}},"98":{"start":{"line":99,"column":0},"end":{"line":99,"column":72}},"99":{"start":{"line":100,"column":0},"end":{"line":100,"column":5}},"101":{"start":{"line":102,"column":0},"end":{"line":102,"column":48}},"102":{"start":{"line":103,"column":0},"end":{"line":103,"column":26}},"103":{"start":{"line":104,"column":0},"end":{"line":104,"column":38}},"104":{"start":{"line":105,"column":0},"end":{"line":105,"column":77}},"105":{"start":{"line":106,"column":0},"end":{"line":106,"column":8}},"106":{"start":{"line":107,"column":0},"end":{"line":107,"column":5}},"107":{"start":{"line":108,"column":0},"end":{"line":108,"column":26}},"108":{"start":{"line":109,"column":0},"end":{"line":109,"column":17}},"109":{"start":{"line":110,"column":0},"end":{"line":110,"column":59}},"110":{"start":{"line":111,"column":0},"end":{"line":111,"column":19}},"111":{"start":{"line":112,"column":0},"end":{"line":112,"column":15}},"112":{"start":{"line":113,"column":0},"end":{"line":113,"column":40}},"113":{"start":{"line":114,"column":0},"end":{"line":114,"column":42}},"114":{"start":{"line":115,"column":0},"end":{"line":115,"column":7}},"115":{"start":{"line":116,"column":0},"end":{"line":116,"column":16}},"116":{"start":{"line":117,"column":0},"end":{"line":117,"column":12}},"117":{"start":{"line":118,"column":0},"end":{"line":118,"column":16}},"118":{"start":{"line":119,"column":0},"end":{"line":119,"column":5}},"119":{"start":{"line":120,"column":0},"end":{"line":120,"column":3}},"121":{"start":{"line":122,"column":0},"end":{"line":122,"column":46}},"123":{"start":{"line":124,"column":0},"end":{"line":124,"column":18}},"124":{"start":{"line":125,"column":0},"end":{"line":125,"column":47}},"125":{"start":{"line":126,"column":0},"end":{"line":126,"column":3}},"127":{"start":{"line":128,"column":0},"end":{"line":128,"column":18}},"128":{"start":{"line":129,"column":0},"end":{"line":129,"column":1}},"130":{"start":{"line":131,"column":0},"end":{"line":131,"column":72}},"131":{"start":{"line":132,"column":0},"end":{"line":132,"column":41}},"132":{"start":{"line":133,"column":0},"end":{"line":133,"column":50}},"134":{"start":{"line":135,"column":0},"end":{"line":135,"column":41}},"135":{"start":{"line":136,"column":0},"end":{"line":136,"column":65}},"136":{"start":{"line":137,"column":0},"end":{"line":137,"column":51}},"137":{"start":{"line":138,"column":0},"end":{"line":138,"column":1}}},"s":{"0":1,"1":1,"2":1,"3":1,"32":1,"33":1,"34":1,"35":1,"36":1,"37":1,"38":1,"39":1,"40":1,"41":1,"42":1,"43":1,"45":1,"46":50,"47":3,"48":3,"49":3,"50":3,"51":3,"52":0,"53":3,"54":47,"56":50,"57":50,"58":50,"59":50,"60":50,"61":50,"62":50,"63":50,"64":50,"66":1,"67":5,"68":5,"69":5,"70":5,"71":5,"72":5,"73":5,"74":5,"75":5,"76":5,"77":5,"78":5,"79":5,"80":5,"81":5,"82":5,"83":5,"85":49,"86":49,"87":49,"88":49,"89":49,"90":49,"92":49,"93":49,"94":4,"95":4,"96":4,"97":5,"98":1,"99":1,"101":3,"102":5,"103":1,"104":1,"105":1,"106":1,"107":2,"108":49,"109":47,"110":45,"111":45,"112":2,"113":1,"114":2,"115":2,"116":2,"117":0,"118":0,"119":47,"121":47,"123":49,"124":0,"125":0,"127":47,"128":47,"130":2,"131":2,"132":2,"134":2,"135":2,"136":2,"137":2},"branchMap":{"0":{"type":"branch","line":46,"loc":{"start":{"line":46,"column":7},"end":{"line":65,"column":1}},"locations":[{"start":{"line":46,"column":7},"end":{"line":65,"column":1}}]},"1":{"type":"branch","line":47,"loc":{"start":{"line":47,"column":24},"end":{"line":54,"column":7}},"locations":[{"start":{"line":47,"column":24},"end":{"line":54,"column":7}}]},"2":{"type":"branch","line":49,"loc":{"start":{"line":49,"column":31},"end":{"line":49,"column":71}},"locations":[{"start":{"line":49,"column":31},"end":{"line":49,"column":71}}]},"3":{"type":"branch","line":50,"loc":{"start":{"line":50,"column":28},"end":{"line":50,"column":62}},"locations":[{"start":{"line":50,"column":28},"end":{"line":50,"column":62}}]},"4":{"type":"branch","line":52,"loc":{"start":{"line":52,"column":24},"end":{"line":53,"column":49}},"locations":[{"start":{"line":52,"column":24},"end":{"line":53,"column":49}}]},"5":{"type":"branch","line":54,"loc":{"start":{"line":54,"column":6},"end":{"line":55,"column":34}},"locations":[{"start":{"line":54,"column":6},"end":{"line":55,"column":34}}]},"6":{"type":"branch","line":58,"loc":{"start":{"line":58,"column":28},"end":{"line":58,"column":76}},"locations":[{"start":{"line":58,"column":28},"end":{"line":58,"column":76}}]},"7":{"type":"branch","line":59,"loc":{"start":{"line":59,"column":25},"end":{"line":59,"column":67}},"locations":[{"start":{"line":59,"column":25},"end":{"line":59,"column":67}}]},"8":{"type":"branch","line":60,"loc":{"start":{"line":60,"column":27},"end":{"line":60,"column":73}},"locations":[{"start":{"line":60,"column":27},"end":{"line":60,"column":73}}]},"9":{"type":"branch","line":62,"loc":{"start":{"line":62,"column":28},"end":{"line":62,"column":76}},"locations":[{"start":{"line":62,"column":28},"end":{"line":62,"column":76}}]},"10":{"type":"branch","line":63,"loc":{"start":{"line":63,"column":29},"end":{"line":63,"column":79}},"locations":[{"start":{"line":63,"column":29},"end":{"line":63,"column":79}}]},"11":{"type":"branch","line":67,"loc":{"start":{"line":67,"column":7},"end":{"line":84,"column":1}},"locations":[{"start":{"line":67,"column":7},"end":{"line":84,"column":1}}]},"12":{"type":"branch","line":73,"loc":{"start":{"line":73,"column":27},"end":{"line":73,"column":60}},"locations":[{"start":{"line":73,"column":27},"end":{"line":73,"column":60}}]},"13":{"type":"branch","line":74,"loc":{"start":{"line":74,"column":29},"end":{"line":74,"column":66}},"locations":[{"start":{"line":74,"column":29},"end":{"line":74,"column":66}}]},"14":{"type":"branch","line":76,"loc":{"start":{"line":76,"column":25},"end":{"line":76,"column":62}},"locations":[{"start":{"line":76,"column":25},"end":{"line":76,"column":62}}]},"15":{"type":"branch","line":77,"loc":{"start":{"line":77,"column":22},"end":{"line":77,"column":53}},"locations":[{"start":{"line":77,"column":22},"end":{"line":77,"column":53}}]},"16":{"type":"branch","line":79,"loc":{"start":{"line":79,"column":18},"end":{"line":79,"column":69}},"locations":[{"start":{"line":79,"column":18},"end":{"line":79,"column":69}}]},"17":{"type":"branch","line":81,"loc":{"start":{"line":81,"column":30},"end":{"line":81,"column":69}},"locations":[{"start":{"line":81,"column":30},"end":{"line":81,"column":69}}]},"18":{"type":"branch","line":82,"loc":{"start":{"line":82,"column":31},"end":{"line":82,"column":72}},"locations":[{"start":{"line":82,"column":31},"end":{"line":82,"column":72}}]},"19":{"type":"branch","line":86,"loc":{"start":{"line":86,"column":0},"end":{"line":129,"column":1}},"locations":[{"start":{"line":86,"column":0},"end":{"line":129,"column":1}}]},"20":{"type":"branch","line":94,"loc":{"start":{"line":94,"column":57},"end":{"line":109,"column":11}},"locations":[{"start":{"line":94,"column":57},"end":{"line":109,"column":11}}]},"21":{"type":"branch","line":94,"loc":{"start":{"line":94,"column":57},"end":{"line":98,"column":12}},"locations":[{"start":{"line":94,"column":57},"end":{"line":98,"column":12}}]},"22":{"type":"branch","line":98,"loc":{"start":{"line":98,"column":4},"end":{"line":100,"column":5}},"locations":[{"start":{"line":98,"column":4},"end":{"line":100,"column":5}}]},"23":{"type":"branch","line":100,"loc":{"start":{"line":100,"column":4},"end":{"line":103,"column":25}},"locations":[{"start":{"line":100,"column":4},"end":{"line":103,"column":25}}]},"24":{"type":"branch","line":103,"loc":{"start":{"line":103,"column":25},"end":{"line":107,"column":5}},"locations":[{"start":{"line":103,"column":25},"end":{"line":107,"column":5}}]},"25":{"type":"branch","line":107,"loc":{"start":{"line":107,"column":4},"end":{"line":109,"column":11}},"locations":[{"start":{"line":107,"column":4},"end":{"line":109,"column":11}}]},"26":{"type":"branch","line":109,"loc":{"start":{"line":109,"column":2},"end":{"line":124,"column":17}},"locations":[{"start":{"line":109,"column":2},"end":{"line":124,"column":17}}]},"27":{"type":"branch","line":110,"loc":{"start":{"line":110,"column":58},"end":{"line":112,"column":15}},"locations":[{"start":{"line":110,"column":58},"end":{"line":112,"column":15}}]},"28":{"type":"branch","line":112,"loc":{"start":{"line":112,"column":4},"end":{"line":119,"column":5}},"locations":[{"start":{"line":112,"column":4},"end":{"line":119,"column":5}}]},"29":{"type":"branch","line":113,"loc":{"start":{"line":113,"column":21},"end":{"line":114,"column":42}},"locations":[{"start":{"line":113,"column":21},"end":{"line":114,"column":42}}]},"30":{"type":"branch","line":117,"loc":{"start":{"line":117,"column":4},"end":{"line":119,"column":5}},"locations":[{"start":{"line":117,"column":4},"end":{"line":119,"column":5}}]},"31":{"type":"branch","line":124,"loc":{"start":{"line":124,"column":17},"end":{"line":126,"column":3}},"locations":[{"start":{"line":124,"column":17},"end":{"line":126,"column":3}}]},"32":{"type":"branch","line":126,"loc":{"start":{"line":126,"column":2},"end":{"line":129,"column":1}},"locations":[{"start":{"line":126,"column":2},"end":{"line":129,"column":1}}]},"33":{"type":"branch","line":131,"loc":{"start":{"line":131,"column":0},"end":{"line":138,"column":1}},"locations":[{"start":{"line":131,"column":0},"end":{"line":138,"column":1}}]}},"b":{"0":[50],"1":[3],"2":[0],"3":[0],"4":[0],"5":[47],"6":[48],"7":[47],"8":[48],"9":[47],"10":[48],"11":[5],"12":[3],"13":[4],"14":[3],"15":[4],"16":[4],"17":[3],"18":[4],"19":[49],"20":[5],"21":[4],"22":[1],"23":[3],"24":[1],"25":[2],"26":[47],"27":[45],"28":[2],"29":[1],"30":[0],"31":[0],"32":[47],"33":[2]},"fnMap":{"0":{"name":"mergeWithDefaults","decl":{"start":{"line":46,"column":7},"end":{"line":65,"column":1}},"loc":{"start":{"line":46,"column":7},"end":{"line":65,"column":1}},"line":46},"1":{"name":"applyOverrides","decl":{"start":{"line":67,"column":7},"end":{"line":84,"column":1}},"loc":{"start":{"line":67,"column":7},"end":{"line":84,"column":1}},"line":67},"2":{"name":"loadConfig","decl":{"start":{"line":86,"column":0},"end":{"line":129,"column":1}},"loc":{"start":{"line":86,"column":0},"end":{"line":129,"column":1}},"line":86},"3":{"name":"createDefaultConfig","decl":{"start":{"line":131,"column":0},"end":{"line":138,"column":1}},"loc":{"start":{"line":131,"column":0},"end":{"line":138,"column":1}},"line":131}},"f":{"0":50,"1":5,"2":49,"3":2}}
,"/Users/mhostetler/Source/MikeHostetler/wreckitloop/src/doctor.ts": {"path":"/Users/mhostetler/Source/MikeHostetler/wreckitloop/src/doctor.ts","all":false,"statementMap":{"0":{"start":{"line":1,"column":0},"end":{"line":1,"column":39}},"1":{"start":{"line":2,"column":0},"end":{"line":2,"column":34}},"4":{"start":{"line":5,"column":0},"end":{"line":5,"column":8}},"12":{"start":{"line":13,"column":0},"end":{"line":13,"column":8}},"18":{"start":{"line":19,"column":0},"end":{"line":19,"column":46}},"19":{"start":{"line":20,"column":0},"end":{"line":20,"column":48}},"42":{"start":{"line":43,"column":0},"end":{"line":43,"column":63}},"43":{"start":{"line":44,"column":0},"end":{"line":44,"column":7}},"44":{"start":{"line":45,"column":0},"end":{"line":45,"column":30}},"45":{"start":{"line":46,"column":0},"end":{"line":46,"column":16}},"46":{"start":{"line":47,"column":0},"end":{"line":47,"column":11}},"47":{"start":{"line":48,"column":0},"end":{"line":48,"column":17}},"48":{"start":{"line":49,"column":0},"end":{"line":49,"column":3}},"49":{"start":{"line":50,"column":0},"end":{"line":50,"column":1}},"51":{"start":{"line":52,"column":0},"end":{"line":52,"column":61}},"52":{"start":{"line":53,"column":0},"end":{"line":53,"column":55}},"53":{"start":{"line":54,"column":0},"end":{"line":54,"column":29}},"54":{"start":{"line":55,"column":0},"end":{"line":55,"column":1}},"56":{"start":{"line":57,"column":0},"end":{"line":57,"column":68}},"57":{"start":{"line":58,"column":0},"end":{"line":58,"column":39}},"58":{"start":{"line":59,"column":0},"end":{"line":59,"column":41}},"60":{"start":{"line":61,"column":0},"end":{"line":61,"column":40}},"61":{"start":{"line":62,"column":0},"end":{"line":62,"column":22}},"62":{"start":{"line":63,"column":0},"end":{"line":63,"column":19}},"63":{"start":{"line":64,"column":0},"end":{"line":64,"column":26}},"64":{"start":{"line":65,"column":0},"end":{"line":65,"column":29}},"65":{"start":{"line":66,"column":0},"end":{"line":66,"column":57}},"66":{"start":{"line":67,"column":0},"end":{"line":67,"column":21}},"67":{"start":{"line":68,"column":0},"end":{"line":68,"column":7}},"68":{"start":{"line":69,"column":0},"end":{"line":69,"column":23}},"69":{"start":{"line":70,"column":0},"end":{"line":70,"column":3}},"71":{"start":{"line":72,"column":0},"end":{"line":72,"column":7}},"72":{"start":{"line":73,"column":0},"end":{"line":73,"column":44}},"73":{"start":{"line":74,"column":0},"end":{"line":74,"column":48}},"74":{"start":{"line":75,"column":0},"end":{"line":75,"column":26}},"75":{"start":{"line":76,"column":0},"end":{"line":76,"column":24}},"76":{"start":{"line":77,"column":0},"end":{"line":77,"column":21}},"77":{"start":{"line":78,"column":0},"end":{"line":78,"column":26}},"78":{"start":{"line":79,"column":0},"end":{"line":79,"column":31}},"79":{"start":{"line":80,"column":0},"end":{"line":80,"column":67}},"80":{"start":{"line":81,"column":0},"end":{"line":81,"column":23}},"81":{"start":{"line":82,"column":0},"end":{"line":82,"column":9}},"82":{"start":{"line":83,"column":0},"end":{"line":83,"column":5}},"83":{"start":{"line":84,"column":0},"end":{"line":84,"column":17}},"84":{"start":{"line":85,"column":0},"end":{"line":85,"column":22}},"85":{"start":{"line":86,"column":0},"end":{"line":86,"column":19}},"86":{"start":{"line":87,"column":0},"end":{"line":87,"column":24}},"87":{"start":{"line":88,"column":0},"end":{"line":88,"column":29}},"88":{"start":{"line":89,"column":0},"end":{"line":89,"column":99}},"89":{"start":{"line":90,"column":0},"end":{"line":90,"column":21}},"90":{"start":{"line":91,"column":0},"end":{"line":91,"column":7}},"91":{"start":{"line":92,"column":0},"end":{"line":92,"column":3}},"93":{"start":{"line":94,"column":0},"end":{"line":94,"column":21}},"94":{"start":{"line":95,"column":0},"end":{"line":95,"column":1}},"96":{"start":{"line":97,"column":0},"end":{"line":97,"column":28}},"97":{"start":{"line":98,"column":0},"end":{"line":98,"column":15}},"98":{"start":{"line":99,"column":0},"end":{"line":99,"column":21}},"99":{"start":{"line":100,"column":0},"end":{"line":100,"column":21}},"100":{"start":{"line":101,"column":0},"end":{"line":101,"column":26}},"101":{"start":{"line":102,"column":0},"end":{"line":102,"column":39}},"102":{"start":{"line":103,"column":0},"end":{"line":103,"column":53}},"103":{"start":{"line":104,"column":0},"end":{"line":104,"column":55}},"105":{"start":{"line":106,"column":0},"end":{"line":106,"column":42}},"106":{"start":{"line":107,"column":0},"end":{"line":107,"column":46}},"107":{"start":{"line":108,"column":0},"end":{"line":108,"column":22}},"108":{"start":{"line":109,"column":0},"end":{"line":109,"column":42}},"109":{"start":{"line":110,"column":0},"end":{"line":110,"column":24}},"110":{"start":{"line":111,"column":0},"end":{"line":111,"column":32}},"111":{"start":{"line":112,"column":0},"end":{"line":112,"column":49}},"112":{"start":{"line":113,"column":0},"end":{"line":113,"column":21}},"113":{"start":{"line":114,"column":0},"end":{"line":114,"column":7}},"114":{"start":{"line":115,"column":0},"end":{"line":115,"column":23}},"115":{"start":{"line":116,"column":0},"end":{"line":116,"column":3}},"117":{"start":{"line":118,"column":0},"end":{"line":118,"column":17}},"118":{"start":{"line":119,"column":0},"end":{"line":119,"column":7}},"119":{"start":{"line":120,"column":0},"end":{"line":120,"column":46}},"120":{"start":{"line":121,"column":0},"end":{"line":121,"column":46}},"121":{"start":{"line":122,"column":0},"end":{"line":122,"column":26}},"122":{"start":{"line":123,"column":0},"end":{"line":123,"column":24}},"123":{"start":{"line":124,"column":0},"end":{"line":124,"column":21}},"124":{"start":{"line":125,"column":0},"end":{"line":125,"column":26}},"125":{"start":{"line":126,"column":0},"end":{"line":126,"column":34}},"126":{"start":{"line":127,"column":0},"end":{"line":127,"column":76}},"127":{"start":{"line":128,"column":0},"end":{"line":128,"column":23}},"128":{"start":{"line":129,"column":0},"end":{"line":129,"column":9}},"129":{"start":{"line":130,"column":0},"end":{"line":130,"column":25}},"130":{"start":{"line":131,"column":0},"end":{"line":131,"column":5}},"131":{"start":{"line":132,"column":0},"end":{"line":132,"column":23}},"132":{"start":{"line":133,"column":0},"end":{"line":133,"column":17}},"133":{"start":{"line":134,"column":0},"end":{"line":134,"column":22}},"134":{"start":{"line":135,"column":0},"end":{"line":135,"column":19}},"135":{"start":{"line":136,"column":0},"end":{"line":136,"column":24}},"136":{"start":{"line":137,"column":0},"end":{"line":137,"column":32}},"137":{"start":{"line":138,"column":0},"end":{"line":138,"column":111}},"138":{"start":{"line":139,"column":0},"end":{"line":139,"column":21}},"139":{"start":{"line":140,"column":0},"end":{"line":140,"column":7}},"140":{"start":{"line":141,"column":0},"end":{"line":141,"column":23}},"141":{"start":{"line":142,"column":0},"end":{"line":142,"column":3}},"143":{"start":{"line":144,"column":0},"end":{"line":144,"column":25}},"144":{"start":{"line":145,"column":0},"end":{"line":145,"column":57}},"145":{"start":{"line":146,"column":0},"end":{"line":146,"column":49}},"146":{"start":{"line":147,"column":0},"end":{"line":147,"column":49}},"148":{"start":{"line":149,"column":0},"end":{"line":149,"column":53}},"149":{"start":{"line":150,"column":0},"end":{"line":150,"column":45}},"150":{"start":{"line":151,"column":0},"end":{"line":151,"column":43}},"152":{"start":{"line":153,"column":0},"end":{"line":153,"column":52}},"153":{"start":{"line":154,"column":0},"end":{"line":154,"column":22}},"154":{"start":{"line":155,"column":0},"end":{"line":155,"column":13}},"155":{"start":{"line":156,"column":0},"end":{"line":156,"column":26}},"156":{"start":{"line":157,"column":0},"end":{"line":157,"column":34}},"157":{"start":{"line":158,"column":0},"end":{"line":158,"column":66}},"158":{"start":{"line":159,"column":0},"end":{"line":159,"column":20}},"159":{"start":{"line":160,"column":0},"end":{"line":160,"column":7}},"160":{"start":{"line":161,"column":0},"end":{"line":161,"column":3}},"162":{"start":{"line":163,"column":0},"end":{"line":163,"column":33}},"163":{"start":{"line":164,"column":0},"end":{"line":164,"column":30}},"164":{"start":{"line":165,"column":0},"end":{"line":165,"column":24}},"165":{"start":{"line":166,"column":0},"end":{"line":166,"column":15}},"166":{"start":{"line":167,"column":0},"end":{"line":167,"column":28}},"167":{"start":{"line":168,"column":0},"end":{"line":168,"column":36}},"168":{"start":{"line":169,"column":0},"end":{"line":169,"column":75}},"169":{"start":{"line":170,"column":0},"end":{"line":170,"column":22}},"170":{"start":{"line":171,"column":0},"end":{"line":171,"column":9}},"171":{"start":{"line":172,"column":0},"end":{"line":172,"column":26}},"172":{"start":{"line":173,"column":0},"end":{"line":173,"column":24}},"173":{"start":{"line":174,"column":0},"end":{"line":174,"column":15}},"174":{"start":{"line":175,"column":0},"end":{"line":175,"column":28}},"175":{"start":{"line":176,"column":0},"end":{"line":176,"column":36}},"176":{"start":{"line":177,"column":0},"end":{"line":177,"column":61}},"177":{"start":{"line":178,"column":0},"end":{"line":178,"column":23}},"178":{"start":{"line":179,"column":0},"end":{"line":179,"column":9}},"179":{"start":{"line":180,"column":0},"end":{"line":180,"column":25}},"180":{"start":{"line":181,"column":0},"end":{"line":181,"column":24}},"181":{"start":{"line":182,"column":0},"end":{"line":182,"column":15}},"182":{"start":{"line":183,"column":0},"end":{"line":183,"column":28}},"183":{"start":{"line":184,"column":0},"end":{"line":184,"column":36}},"184":{"start":{"line":185,"column":0},"end":{"line":185,"column":62}},"185":{"start":{"line":186,"column":0},"end":{"line":186,"column":23}},"186":{"start":{"line":187,"column":0},"end":{"line":187,"column":9}},"187":{"start":{"line":188,"column":0},"end":{"line":188,"column":5}},"188":{"start":{"line":189,"column":0},"end":{"line":189,"column":3}},"190":{"start":{"line":191,"column":0},"end":{"line":191,"column":15}},"191":{"start":{"line":192,"column":0},"end":{"line":192,"column":9}},"192":{"start":{"line":193,"column":0},"end":{"line":193,"column":46}},"193":{"start":{"line":194,"column":0},"end":{"line":194,"column":53}},"194":{"start":{"line":195,"column":0},"end":{"line":195,"column":31}},"195":{"start":{"line":196,"column":0},"end":{"line":196,"column":26}},"196":{"start":{"line":197,"column":0},"end":{"line":197,"column":17}},"197":{"start":{"line":198,"column":0},"end":{"line":198,"column":28}},"198":{"start":{"line":199,"column":0},"end":{"line":199,"column":30}},"199":{"start":{"line":200,"column":0},"end":{"line":200,"column":69}},"200":{"start":{"line":201,"column":0},"end":{"line":201,"column":25}},"201":{"start":{"line":202,"column":0},"end":{"line":202,"column":11}},"202":{"start":{"line":203,"column":0},"end":{"line":203,"column":14}},"203":{"start":{"line":204,"column":0},"end":{"line":204,"column":44}},"204":{"start":{"line":205,"column":0},"end":{"line":205,"column":68}},"205":{"start":{"line":206,"column":0},"end":{"line":206,"column":41}},"206":{"start":{"line":207,"column":0},"end":{"line":207,"column":12}},"207":{"start":{"line":208,"column":0},"end":{"line":208,"column":44}},"208":{"start":{"line":209,"column":0},"end":{"line":209,"column":30}},"209":{"start":{"line":210,"column":0},"end":{"line":210,"column":21}},"210":{"start":{"line":211,"column":0},"end":{"line":211,"column":34}},"211":{"start":{"line":212,"column":0},"end":{"line":212,"column":42}},"212":{"start":{"line":213,"column":0},"end":{"line":213,"column":84}},"213":{"start":{"line":214,"column":0},"end":{"line":214,"column":29}},"214":{"start":{"line":215,"column":0},"end":{"line":215,"column":15}},"215":{"start":{"line":216,"column":0},"end":{"line":216,"column":11}},"216":{"start":{"line":217,"column":0},"end":{"line":217,"column":9}},"217":{"start":{"line":218,"column":0},"end":{"line":218,"column":7}},"218":{"start":{"line":219,"column":0},"end":{"line":219,"column":19}},"219":{"start":{"line":220,"column":0},"end":{"line":220,"column":24}},"220":{"start":{"line":221,"column":0},"end":{"line":221,"column":15}},"221":{"start":{"line":222,"column":0},"end":{"line":222,"column":26}},"222":{"start":{"line":223,"column":0},"end":{"line":223,"column":28}},"223":{"start":{"line":224,"column":0},"end":{"line":224,"column":98}},"224":{"start":{"line":225,"column":0},"end":{"line":225,"column":23}},"225":{"start":{"line":226,"column":0},"end":{"line":226,"column":9}},"226":{"start":{"line":227,"column":0},"end":{"line":227,"column":5}},"227":{"start":{"line":228,"column":0},"end":{"line":228,"column":3}},"229":{"start":{"line":230,"column":0},"end":{"line":230,"column":47}},"230":{"start":{"line":231,"column":0},"end":{"line":231,"column":22}},"231":{"start":{"line":232,"column":0},"end":{"line":232,"column":13}},"232":{"start":{"line":233,"column":0},"end":{"line":233,"column":26}},"233":{"start":{"line":234,"column":0},"end":{"line":234,"column":34}},"234":{"start":{"line":235,"column":0},"end":{"line":235,"column":56}},"235":{"start":{"line":236,"column":0},"end":{"line":236,"column":21}},"236":{"start":{"line":237,"column":0},"end":{"line":237,"column":7}},"237":{"start":{"line":238,"column":0},"end":{"line":238,"column":3}},"239":{"start":{"line":240,"column":0},"end":{"line":240,"column":21}},"240":{"start":{"line":241,"column":0},"end":{"line":241,"column":1}},"242":{"start":{"line":243,"column":0},"end":{"line":243,"column":67}},"243":{"start":{"line":244,"column":0},"end":{"line":244,"column":39}},"244":{"start":{"line":245,"column":0},"end":{"line":245,"column":39}},"246":{"start":{"line":247,"column":0},"end":{"line":247,"column":39}},"247":{"start":{"line":248,"column":0},"end":{"line":248,"column":23}},"248":{"start":{"line":249,"column":0},"end":{"line":249,"column":3}},"250":{"start":{"line":251,"column":0},"end":{"line":251,"column":7}},"251":{"start":{"line":252,"column":0},"end":{"line":252,"column":43}},"252":{"start":{"line":253,"column":0},"end":{"line":253,"column":47}},"253":{"start":{"line":254,"column":0},"end":{"line":254,"column":26}},"254":{"start":{"line":255,"column":0},"end":{"line":255,"column":24}},"255":{"start":{"line":256,"column":0},"end":{"line":256,"column":21}},"256":{"start":{"line":257,"column":0},"end":{"line":257,"column":28}},"257":{"start":{"line":258,"column":0},"end":{"line":258,"column":28}},"258":{"start":{"line":259,"column":0},"end":{"line":259,"column":66}},"259":{"start":{"line":260,"column":0},"end":{"line":260,"column":22}},"260":{"start":{"line":261,"column":0},"end":{"line":261,"column":9}},"261":{"start":{"line":262,"column":0},"end":{"line":262,"column":25}},"262":{"start":{"line":263,"column":0},"end":{"line":263,"column":5}},"264":{"start":{"line":265,"column":0},"end":{"line":265,"column":43}},"265":{"start":{"line":266,"column":0},"end":{"line":266,"column":46}},"267":{"start":{"line":268,"column":0},"end":{"line":268,"column":62}},"268":{"start":{"line":269,"column":0},"end":{"line":269,"column":60}},"270":{"start":{"line":271,"column":0},"end":{"line":271,"column":76}},"271":{"start":{"line":272,"column":0},"end":{"line":272,"column":74}},"272":{"start":{"line":273,"column":0},"end":{"line":273,"column":60}},"273":{"start":{"line":274,"column":0},"end":{"line":274,"column":67}},"274":{"start":{"line":275,"column":0},"end":{"line":275,"column":55}},"275":{"start":{"line":276,"column":0},"end":{"line":276,"column":7}},"277":{"start":{"line":278,"column":0},"end":{"line":278,"column":8}},"278":{"start":{"line":279,"column":0},"end":{"line":279,"column":34}},"279":{"start":{"line":280,"column":0},"end":{"line":280,"column":32}},"280":{"start":{"line":281,"column":0},"end":{"line":281,"column":32}},"281":{"start":{"line":282,"column":0},"end":{"line":282,"column":7}},"282":{"start":{"line":283,"column":0},"end":{"line":283,"column":34}},"283":{"start":{"line":284,"column":0},"end":{"line":284,"column":38}},"284":{"start":{"line":285,"column":0},"end":{"line":285,"column":73}},"285":{"start":{"line":286,"column":0},"end":{"line":286,"column":7}},"286":{"start":{"line":287,"column":0},"end":{"line":287,"column":36}},"287":{"start":{"line":288,"column":0},"end":{"line":288,"column":67}},"288":{"start":{"line":289,"column":0},"end":{"line":289,"column":7}},"289":{"start":{"line":290,"column":0},"end":{"line":290,"column":39}},"290":{"start":{"line":291,"column":0},"end":{"line":291,"column":66}},"291":{"start":{"line":292,"column":0},"end":{"line":292,"column":7}},"292":{"start":{"line":293,"column":0},"end":{"line":293,"column":24}},"293":{"start":{"line":294,"column":0},"end":{"line":294,"column":21}},"294":{"start":{"line":295,"column":0},"end":{"line":295,"column":28}},"295":{"start":{"line":296,"column":0},"end":{"line":296,"column":28}},"296":{"start":{"line":297,"column":0},"end":{"line":297,"column":67}},"297":{"start":{"line":298,"column":0},"end":{"line":298,"column":22}},"298":{"start":{"line":299,"column":0},"end":{"line":299,"column":9}},"299":{"start":{"line":300,"column":0},"end":{"line":300,"column":5}},"300":{"start":{"line":301,"column":0},"end":{"line":301,"column":17}},"301":{"start":{"line":302,"column":0},"end":{"line":302,"column":22}},"302":{"start":{"line":303,"column":0},"end":{"line":303,"column":19}},"303":{"start":{"line":304,"column":0},"end":{"line":304,"column":26}},"304":{"start":{"line":305,"column":0},"end":{"line":305,"column":26}},"305":{"start":{"line":306,"column":0},"end":{"line":306,"column":98}},"306":{"start":{"line":307,"column":0},"end":{"line":307,"column":20}},"307":{"start":{"line":308,"column":0},"end":{"line":308,"column":7}},"308":{"start":{"line":309,"column":0},"end":{"line":309,"column":3}},"310":{"start":{"line":311,"column":0},"end":{"line":311,"column":21}},"311":{"start":{"line":312,"column":0},"end":{"line":312,"column":1}},"313":{"start":{"line":314,"column":0},"end":{"line":314,"column":69}},"314":{"start":{"line":315,"column":0},"end":{"line":315,"column":39}},"315":{"start":{"line":316,"column":0},"end":{"line":316,"column":41}},"317":{"start":{"line":318,"column":0},"end":{"line":318,"column":40}},"318":{"start":{"line":319,"column":0},"end":{"line":319,"column":22}},"319":{"start":{"line":320,"column":0},"end":{"line":320,"column":19}},"320":{"start":{"line":321,"column":0},"end":{"line":321,"column":23}},"321":{"start":{"line":322,"column":0},"end":{"line":322,"column":30}},"322":{"start":{"line":323,"column":0},"end":{"line":323,"column":70}},"323":{"start":{"line":324,"column":0},"end":{"line":324,"column":20}},"324":{"start":{"line":325,"column":0},"end":{"line":325,"column":7}},"325":{"start":{"line":326,"column":0},"end":{"line":326,"column":3}},"327":{"start":{"line":328,"column":0},"end":{"line":328,"column":21}},"328":{"start":{"line":329,"column":0},"end":{"line":329,"column":1}},"330":{"start":{"line":331,"column":0},"end":{"line":331,"column":69}},"331":{"start":{"line":332,"column":0},"end":{"line":332,"column":39}},"332":{"start":{"line":333,"column":0},"end":{"line":333,"column":41}},"334":{"start":{"line":335,"column":0},"end":{"line":335,"column":40}},"335":{"start":{"line":336,"column":0},"end":{"line":336,"column":23}},"336":{"start":{"line":337,"column":0},"end":{"line":337,"column":3}},"338":{"start":{"line":339,"column":0},"end":{"line":339,"column":52}},"339":{"start":{"line":340,"column":0},"end":{"line":340,"column":53}},"341":{"start":{"line":342,"column":0},"end":{"line":342,"column":25}},"342":{"start":{"line":343,"column":0},"end":{"line":343,"column":7}},"343":{"start":{"line":344,"column":0},"end":{"line":344,"column":74}},"344":{"start":{"line":345,"column":0},"end":{"line":345,"column":22}},"345":{"start":{"line":346,"column":0},"end":{"line":346,"column":14}},"346":{"start":{"line":347,"column":0},"end":{"line":347,"column":14}},"347":{"start":{"line":348,"column":0},"end":{"line":348,"column":76}},"348":{"start":{"line":349,"column":0},"end":{"line":349,"column":7}},"349":{"start":{"line":350,"column":0},"end":{"line":350,"column":26}},"350":{"start":{"line":351,"column":0},"end":{"line":351,"column":11}},"351":{"start":{"line":352,"column":0},"end":{"line":352,"column":23}},"352":{"start":{"line":353,"column":0},"end":{"line":353,"column":3}},"354":{"start":{"line":355,"column":0},"end":{"line":355,"column":35}},"355":{"start":{"line":356,"column":0},"end":{"line":356,"column":54}},"356":{"start":{"line":357,"column":0},"end":{"line":357,"column":27}},"357":{"start":{"line":358,"column":0},"end":{"line":358,"column":9}},"358":{"start":{"line":359,"column":0},"end":{"line":359,"column":76}},"359":{"start":{"line":360,"column":0},"end":{"line":360,"column":24}},"360":{"start":{"line":361,"column":0},"end":{"line":361,"column":65}},"361":{"start":{"line":362,"column":0},"end":{"line":362,"column":28}},"362":{"start":{"line":363,"column":0},"end":{"line":363,"column":13}},"363":{"start":{"line":364,"column":0},"end":{"line":364,"column":15}},"364":{"start":{"line":365,"column":0},"end":{"line":365,"column":5}},"366":{"start":{"line":367,"column":0},"end":{"line":367,"column":37}},"367":{"start":{"line":368,"column":0},"end":{"line":368,"column":75}},"368":{"start":{"line":369,"column":0},"end":{"line":369,"column":5}},"369":{"start":{"line":370,"column":0},"end":{"line":370,"column":3}},"371":{"start":{"line":372,"column":0},"end":{"line":372,"column":51}},"373":{"start":{"line":374,"column":0},"end":{"line":374,"column":21}},"374":{"start":{"line":375,"column":0},"end":{"line":375,"column":1}},"376":{"start":{"line":377,"column":0},"end":{"line":377,"column":33}},"377":{"start":{"line":378,"column":0},"end":{"line":378,"column":15}},"378":{"start":{"line":379,"column":0},"end":{"line":379,"column":28}},"379":{"start":{"line":380,"column":0},"end":{"line":380,"column":16}},"380":{"start":{"line":381,"column":0},"end":{"line":381,"column":25}},"381":{"start":{"line":382,"column":0},"end":{"line":382,"column":34}},"382":{"start":{"line":383,"column":0},"end":{"line":383,"column":66}},"384":{"start":{"line":385,"column":0},"end":{"line":385,"column":48}},"385":{"start":{"line":386,"column":0},"end":{"line":386,"column":22}},"386":{"start":{"line":387,"column":0},"end":{"line":387,"column":21}},"388":{"start":{"line":389,"column":0},"end":{"line":389,"column":30}},"389":{"start":{"line":390,"column":0},"end":{"line":390,"column":27}},"390":{"start":{"line":391,"column":0},"end":{"line":391,"column":13}},"391":{"start":{"line":392,"column":0},"end":{"line":392,"column":46}},"392":{"start":{"line":393,"column":0},"end":{"line":393,"column":32}},"393":{"start":{"line":394,"column":0},"end":{"line":394,"column":30}},"394":{"start":{"line":395,"column":0},"end":{"line":395,"column":18}},"395":{"start":{"line":396,"column":0},"end":{"line":396,"column":51}},"396":{"start":{"line":397,"column":0},"end":{"line":397,"column":12}},"397":{"start":{"line":398,"column":0},"end":{"line":398,"column":47}},"398":{"start":{"line":399,"column":0},"end":{"line":399,"column":79}},"399":{"start":{"line":400,"column":0},"end":{"line":400,"column":23}},"400":{"start":{"line":401,"column":0},"end":{"line":401,"column":41}},"401":{"start":{"line":402,"column":0},"end":{"line":402,"column":23}},"402":{"start":{"line":403,"column":0},"end":{"line":403,"column":99}},"403":{"start":{"line":404,"column":0},"end":{"line":404,"column":9}},"404":{"start":{"line":405,"column":0},"end":{"line":405,"column":14}},"405":{"start":{"line":406,"column":0},"end":{"line":406,"column":7}},"407":{"start":{"line":408,"column":0},"end":{"line":408,"column":31}},"408":{"start":{"line":409,"column":0},"end":{"line":409,"column":13}},"409":{"start":{"line":410,"column":0},"end":{"line":410,"column":42}},"410":{"start":{"line":411,"column":0},"end":{"line":411,"column":23}},"411":{"start":{"line":412,"column":0},"end":{"line":412,"column":55}},"412":{"start":{"line":413,"column":0},"end":{"line":413,"column":23}},"413":{"start":{"line":414,"column":0},"end":{"line":414,"column":100}},"414":{"start":{"line":415,"column":0},"end":{"line":415,"column":9}},"415":{"start":{"line":416,"column":0},"end":{"line":416,"column":14}},"416":{"start":{"line":417,"column":0},"end":{"line":417,"column":7}},"418":{"start":{"line":419,"column":0},"end":{"line":419,"column":35}},"419":{"start":{"line":420,"column":0},"end":{"line":420,"column":32}},"420":{"start":{"line":421,"column":0},"end":{"line":421,"column":15}},"421":{"start":{"line":422,"column":0},"end":{"line":422,"column":65}},"422":{"start":{"line":423,"column":0},"end":{"line":423,"column":74}},"423":{"start":{"line":424,"column":0},"end":{"line":424,"column":65}},"424":{"start":{"line":425,"column":0},"end":{"line":425,"column":54}},"425":{"start":{"line":426,"column":0},"end":{"line":426,"column":48}},"427":{"start":{"line":428,"column":0},"end":{"line":428,"column":49}},"428":{"start":{"line":429,"column":0},"end":{"line":429,"column":47}},"429":{"start":{"line":430,"column":0},"end":{"line":430,"column":14}},"430":{"start":{"line":431,"column":0},"end":{"line":431,"column":76}},"431":{"start":{"line":432,"column":0},"end":{"line":432,"column":76}},"433":{"start":{"line":434,"column":0},"end":{"line":434,"column":38}},"434":{"start":{"line":435,"column":0},"end":{"line":435,"column":62}},"435":{"start":{"line":436,"column":0},"end":{"line":436,"column":31}},"436":{"start":{"line":437,"column":0},"end":{"line":437,"column":23}},"437":{"start":{"line":438,"column":0},"end":{"line":438,"column":41}},"438":{"start":{"line":439,"column":0},"end":{"line":439,"column":38}},"439":{"start":{"line":440,"column":0},"end":{"line":440,"column":25}},"440":{"start":{"line":441,"column":0},"end":{"line":441,"column":15}},"441":{"start":{"line":442,"column":0},"end":{"line":442,"column":38}},"442":{"start":{"line":443,"column":0},"end":{"line":443,"column":73}},"443":{"start":{"line":444,"column":0},"end":{"line":444,"column":60}},"444":{"start":{"line":445,"column":0},"end":{"line":445,"column":13}},"446":{"start":{"line":447,"column":0},"end":{"line":447,"column":42}},"447":{"start":{"line":448,"column":0},"end":{"line":448,"column":35}},"448":{"start":{"line":449,"column":0},"end":{"line":449,"column":24}},"449":{"start":{"line":450,"column":0},"end":{"line":450,"column":32}},"450":{"start":{"line":451,"column":0},"end":{"line":451,"column":53}},"451":{"start":{"line":452,"column":0},"end":{"line":452,"column":16}},"452":{"start":{"line":453,"column":0},"end":{"line":453,"column":33}},"453":{"start":{"line":454,"column":0},"end":{"line":454,"column":29}},"454":{"start":{"line":455,"column":0},"end":{"line":455,"column":59}},"455":{"start":{"line":456,"column":0},"end":{"line":456,"column":16}},"456":{"start":{"line":457,"column":0},"end":{"line":457,"column":27}},"457":{"start":{"line":458,"column":0},"end":{"line":458,"column":76}},"458":{"start":{"line":459,"column":0},"end":{"line":459,"column":20}},"459":{"start":{"line":460,"column":0},"end":{"line":460,"column":60}},"460":{"start":{"line":461,"column":0},"end":{"line":461,"column":13}},"461":{"start":{"line":462,"column":0},"end":{"line":462,"column":25}},"462":{"start":{"line":463,"column":0},"end":{"line":463,"column":97}},"463":{"start":{"line":464,"column":0},"end":{"line":464,"column":11}},"464":{"start":{"line":465,"column":0},"end":{"line":465,"column":9}},"465":{"start":{"line":466,"column":0},"end":{"line":466,"column":14}},"466":{"start":{"line":467,"column":0},"end":{"line":467,"column":7}},"468":{"start":{"line":469,"column":0},"end":{"line":469,"column":14}},"469":{"start":{"line":470,"column":0},"end":{"line":470,"column":37}},"470":{"start":{"line":471,"column":0},"end":{"line":471,"column":5}},"472":{"start":{"line":473,"column":0},"end":{"line":473,"column":49}},"473":{"start":{"line":474,"column":0},"end":{"line":474,"column":3}},"475":{"start":{"line":476,"column":0},"end":{"line":476,"column":17}},"476":{"start":{"line":477,"column":0},"end":{"line":477,"column":1}},"478":{"start":{"line":479,"column":0},"end":{"line":479,"column":32}},"479":{"start":{"line":480,"column":0},"end":{"line":480,"column":15}},"480":{"start":{"line":481,"column":0},"end":{"line":481,"column":29}},"481":{"start":{"line":482,"column":0},"end":{"line":482,"column":16}},"482":{"start":{"line":483,"column":0},"end":{"line":483,"column":26}},"483":{"start":{"line":484,"column":0},"end":{"line":484,"column":43}},"485":{"start":{"line":486,"column":0},"end":{"line":486,"column":21}},"486":{"start":{"line":487,"column":0},"end":{"line":487,"column":27}},"487":{"start":{"line":488,"column":0},"end":{"line":488,"column":3}},"489":{"start":{"line":490,"column":0},"end":{"line":490,"column":60}},"490":{"start":{"line":491,"column":0},"end":{"line":491,"column":32}},"491":{"start":{"line":492,"column":0},"end":{"line":492,"column":1}}},"s":{"0":1,"1":1,"4":1,"12":1,"18":1,"19":1,"42":102,"43":102,"44":102,"45":35,"46":102,"47":67,"48":67,"49":102,"51":18,"52":18,"53":18,"54":18,"56":16,"57":16,"58":16,"60":16,"61":10,"62":10,"63":10,"64":10,"65":10,"66":10,"67":10,"68":10,"69":10,"71":6,"72":6,"73":3,"74":16,"75":1,"76":1,"77":1,"78":1,"79":1,"80":1,"81":1,"82":1,"83":16,"84":3,"85":3,"86":3,"87":3,"88":3,"89":3,"90":3,"91":3,"93":6,"94":6,"96":8,"97":8,"98":8,"99":8,"100":8,"101":8,"102":8,"103":8,"105":8,"106":1,"107":1,"108":1,"109":1,"110":1,"111":1,"112":1,"113":1,"114":1,"115":1,"117":7,"118":7,"119":7,"120":7,"121":8,"122":0,"123":0,"124":0,"125":0,"126":0,"127":0,"128":0,"129":0,"130":0,"131":7,"132":8,"133":0,"134":0,"135":0,"136":0,"137":0,"138":0,"139":0,"140":0,"141":0,"143":7,"144":7,"145":7,"146":7,"148":7,"149":7,"150":7,"152":8,"153":4,"154":4,"155":4,"156":4,"157":4,"158":4,"159":4,"160":4,"162":8,"163":2,"164":1,"165":1,"166":1,"167":1,"168":1,"169":1,"170":1,"171":1,"172":0,"173":0,"174":0,"175":0,"176":0,"177":0,"178":0,"179":1,"180":0,"181":0,"182":0,"183":0,"184":0,"185":0,"186":0,"187":0,"188":2,"190":8,"191":1,"192":1,"193":1,"194":1,"195":1,"196":1,"197":1,"198":1,"199":1,"200":1,"201":1,"202":1,"203":0,"204":0,"205":0,"206":0,"207":0,"208":0,"209":0,"210":0,"211":0,"212":0,"213":0,"214":0,"215":0,"216":0,"217":0,"218":1,"219":0,"220":0,"221":0,"222":0,"223":0,"224":0,"225":0,"226":0,"227":1,"229":8,"230":0,"231":0,"232":0,"233":0,"234":0,"235":0,"236":0,"237":0,"239":7,"240":7,"242":16,"243":16,"244":16,"246":16,"247":15,"248":15,"250":1,"251":1,"252":1,"253":16,"254":0,"255":0,"256":0,"257":0,"258":0,"259":0,"260":0,"261":0,"262":0,"264":1,"265":1,"267":1,"268":1,"270":1,"271":1,"272":1,"273":1,"274":1,"275":1,"277":1,"278":1,"279":0,"280":0,"281":16,"282":1,"283":1,"284":1,"285":1,"286":1,"287":1,"288":1,"289":1,"290":0,"291":0,"292":1,"293":1,"294":1,"295":1,"296":1,"297":1,"298":1,"299":1,"300":16,"301":0,"302":0,"303":0,"304":0,"305":0,"306":0,"307":0,"308":0,"310":1,"311":1,"313":16,"314":16,"315":16,"317":16,"318":13,"319":13,"320":13,"321":13,"322":13,"323":13,"324":13,"325":13,"327":16,"328":16,"330":16,"331":16,"332":16,"334":16,"335":0,"336":0,"338":16,"339":16,"341":16,"342":16,"343":16,"344":16,"345":16,"346":16,"347":18,"348":16,"349":16,"350":16,"351":0,"352":0,"354":16,"355":8,"356":8,"357":8,"358":8,"359":8,"360":8,"361":8,"362":8,"363":0,"364":0,"366":8,"367":8,"368":8,"369":8,"371":16,"373":16,"374":16,"376":7,"377":7,"378":7,"379":7,"380":7,"381":7,"382":7,"384":7,"385":8,"386":8,"388":8,"389":8,"390":1,"391":1,"392":1,"393":1,"394":1,"395":1,"396":1,"397":1,"398":1,"399":1,"400":1,"401":1,"402":0,"403":0,"404":1,"405":1,"407":8,"408":4,"409":4,"410":4,"411":4,"412":4,"413":0,"414":0,"415":4,"416":4,"418":8,"419":3,"420":3,"421":3,"422":3,"423":3,"424":3,"425":3,"427":3,"428":3,"429":3,"430":3,"431":3,"433":3,"434":3,"435":3,"436":3,"437":0,"438":0,"439":0,"440":0,"441":0,"442":0,"443":0,"444":0,"446":3,"447":3,"448":3,"449":3,"450":3,"451":3,"452":3,"453":3,"454":3,"455":3,"456":3,"457":3,"458":3,"459":0,"460":0,"461":3,"462":0,"463":0,"464":3,"465":3,"466":3,"468":8,"469":0,"470":8,"472":8,"473":8,"475":7,"476":7,"478":5,"479":5,"480":5,"481":5,"482":5,"483":5,"485":5,"486":3,"487":3,"489":2,"490":2,"491":2},"branchMap":{"0":{"type":"branch","line":43,"loc":{"start":{"line":43,"column":0},"end":{"line":50,"column":1}},"locations":[{"start":{"line":43,"column":0},"end":{"line":50,"column":1}}]},"1":{"type":"branch","line":45,"loc":{"start":{"line":45,"column":28},"end":{"line":47,"column":10}},"locations":[{"start":{"line":45,"column":28},"end":{"line":47,"column":10}}]},"2":{"type":"branch","line":47,"loc":{"start":{"line":47,"column":2},"end":{"line":49,"column":3}},"locations":[{"start":{"line":47,"column":2},"end":{"line":49,"column":3}}]},"3":{"type":"branch","line":52,"loc":{"start":{"line":52,"column":0},"end":{"line":55,"column":1}},"locations":[{"start":{"line":52,"column":0},"end":{"line":55,"column":1}}]},"4":{"type":"branch","line":57,"loc":{"start":{"line":57,"column":0},"end":{"line":95,"column":1}},"locations":[{"start":{"line":57,"column":0},"end":{"line":95,"column":1}}]},"5":{"type":"branch","line":61,"loc":{"start":{"line":61,"column":39},"end":{"line":70,"column":3}},"locations":[{"start":{"line":61,"column":39},"end":{"line":70,"column":3}}]},"6":{"type":"branch","line":70,"loc":{"start":{"line":70,"column":2},"end":{"line":73,"column":44}},"locations":[{"start":{"line":70,"column":2},"end":{"line":73,"column":44}}]},"7":{"type":"branch","line":73,"loc":{"start":{"line":73,"column":42},"end":{"line":75,"column":25}},"locations":[{"start":{"line":73,"column":42},"end":{"line":75,"column":25}}]},"8":{"type":"branch","line":75,"loc":{"start":{"line":75,"column":25},"end":{"line":83,"column":5}},"locations":[{"start":{"line":75,"column":25},"end":{"line":83,"column":5}}]},"9":{"type":"branch","line":84,"loc":{"start":{"line":84,"column":2},"end":{"line":92,"column":3}},"locations":[{"start":{"line":84,"column":2},"end":{"line":92,"column":3}}]},"10":{"type":"branch","line":89,"loc":{"start":{"line":89,"column":75},"end":{"line":89,"column":96}},"locations":[{"start":{"line":89,"column":75},"end":{"line":89,"column":96}}]},"11":{"type":"branch","line":92,"loc":{"start":{"line":92,"column":2},"end":{"line":95,"column":1}},"locations":[{"start":{"line":92,"column":2},"end":{"line":95,"column":1}}]},"12":{"type":"branch","line":97,"loc":{"start":{"line":97,"column":0},"end":{"line":241,"column":1}},"locations":[{"start":{"line":97,"column":0},"end":{"line":241,"column":1}}]},"13":{"type":"branch","line":106,"loc":{"start":{"line":106,"column":41},"end":{"line":116,"column":3}},"locations":[{"start":{"line":106,"column":41},"end":{"line":116,"column":3}}]},"14":{"type":"branch","line":116,"loc":{"start":{"line":116,"column":2},"end":{"line":122,"column":25}},"locations":[{"start":{"line":116,"column":2},"end":{"line":122,"column":25}}]},"15":{"type":"branch","line":122,"loc":{"start":{"line":122,"column":25},"end":{"line":131,"column":5}},"locations":[{"start":{"line":122,"column":25},"end":{"line":131,"column":5}}]},"16":{"type":"branch","line":131,"loc":{"start":{"line":131,"column":4},"end":{"line":133,"column":11}},"locations":[{"start":{"line":131,"column":4},"end":{"line":133,"column":11}}]},"17":{"type":"branch","line":133,"loc":{"start":{"line":133,"column":2},"end":{"line":142,"column":3}},"locations":[{"start":{"line":133,"column":2},"end":{"line":142,"column":3}}]},"18":{"type":"branch","line":142,"loc":{"start":{"line":142,"column":2},"end":{"line":153,"column":37}},"locations":[{"start":{"line":142,"column":2},"end":{"line":153,"column":37}}]},"19":{"type":"branch","line":153,"loc":{"start":{"line":153,"column":21},"end":{"line":153,"column":51}},"locations":[{"start":{"line":153,"column":21},"end":{"line":153,"column":51}}]},"20":{"type":"branch","line":153,"loc":{"start":{"line":153,"column":51},"end":{"line":161,"column":3}},"locations":[{"start":{"line":153,"column":51},"end":{"line":161,"column":3}}]},"21":{"type":"branch","line":161,"loc":{"start":{"line":161,"column":2},"end":{"line":163,"column":32}},"locations":[{"start":{"line":161,"column":2},"end":{"line":163,"column":32}}]},"22":{"type":"branch","line":163,"loc":{"start":{"line":163,"column":32},"end":{"line":189,"column":3}},"locations":[{"start":{"line":163,"column":32},"end":{"line":189,"column":3}}]},"23":{"type":"branch","line":164,"loc":{"start":{"line":164,"column":9},"end":{"line":164,"column":29}},"locations":[{"start":{"line":164,"column":9},"end":{"line":164,"column":29}}]},"24":{"type":"branch","line":164,"loc":{"start":{"line":164,"column":29},"end":{"line":188,"column":5}},"locations":[{"start":{"line":164,"column":29},"end":{"line":188,"column":5}}]},"25":{"type":"branch","line":172,"loc":{"start":{"line":172,"column":25},"end":{"line":180,"column":15}},"locations":[{"start":{"line":172,"column":25},"end":{"line":180,"column":15}}]},"26":{"type":"branch","line":180,"loc":{"start":{"line":180,"column":24},"end":{"line":188,"column":5}},"locations":[{"start":{"line":180,"column":24},"end":{"line":188,"column":5}}]},"27":{"type":"branch","line":189,"loc":{"start":{"line":189,"column":2},"end":{"line":191,"column":14}},"locations":[{"start":{"line":189,"column":2},"end":{"line":191,"column":14}}]},"28":{"type":"branch","line":191,"loc":{"start":{"line":191,"column":14},"end":{"line":228,"column":3}},"locations":[{"start":{"line":191,"column":14},"end":{"line":228,"column":3}}]},"29":{"type":"branch","line":203,"loc":{"start":{"line":203,"column":6},"end":{"line":218,"column":7}},"locations":[{"start":{"line":203,"column":6},"end":{"line":218,"column":7}}]},"30":{"type":"branch","line":219,"loc":{"start":{"line":219,"column":4},"end":{"line":227,"column":5}},"locations":[{"start":{"line":219,"column":4},"end":{"line":227,"column":5}}]},"31":{"type":"branch","line":228,"loc":{"start":{"line":228,"column":2},"end":{"line":230,"column":32}},"locations":[{"start":{"line":228,"column":2},"end":{"line":230,"column":32}}]},"32":{"type":"branch","line":230,"loc":{"start":{"line":230,"column":21},"end":{"line":230,"column":46}},"locations":[{"start":{"line":230,"column":21},"end":{"line":230,"column":46}}]},"33":{"type":"branch","line":230,"loc":{"start":{"line":230,"column":46},"end":{"line":238,"column":3}},"locations":[{"start":{"line":230,"column":46},"end":{"line":238,"column":3}}]},"34":{"type":"branch","line":238,"loc":{"start":{"line":238,"column":2},"end":{"line":241,"column":1}},"locations":[{"start":{"line":238,"column":2},"end":{"line":241,"column":1}}]},"35":{"type":"branch","line":243,"loc":{"start":{"line":243,"column":0},"end":{"line":312,"column":1}},"locations":[{"start":{"line":243,"column":0},"end":{"line":312,"column":1}}]},"36":{"type":"branch","line":247,"loc":{"start":{"line":247,"column":38},"end":{"line":249,"column":3}},"locations":[{"start":{"line":247,"column":38},"end":{"line":249,"column":3}}]},"37":{"type":"branch","line":249,"loc":{"start":{"line":249,"column":2},"end":{"line":254,"column":25}},"locations":[{"start":{"line":249,"column":2},"end":{"line":254,"column":25}}]},"38":{"type":"branch","line":254,"loc":{"start":{"line":254,"column":25},"end":{"line":263,"column":5}},"locations":[{"start":{"line":254,"column":25},"end":{"line":263,"column":5}}]},"39":{"type":"branch","line":263,"loc":{"start":{"line":263,"column":4},"end":{"line":279,"column":34}},"locations":[{"start":{"line":263,"column":4},"end":{"line":279,"column":34}}]},"40":{"type":"branch","line":279,"loc":{"start":{"line":279,"column":30},"end":{"line":280,"column":32}},"locations":[{"start":{"line":279,"column":30},"end":{"line":280,"column":32}}]},"41":{"type":"branch","line":280,"loc":{"start":{"line":280,"column":28},"end":{"line":281,"column":32}},"locations":[{"start":{"line":280,"column":28},"end":{"line":281,"column":32}}]},"42":{"type":"branch","line":282,"loc":{"start":{"line":282,"column":6},"end":{"line":300,"column":5}},"locations":[{"start":{"line":282,"column":6},"end":{"line":300,"column":5}}]},"43":{"type":"branch","line":290,"loc":{"start":{"line":290,"column":38},"end":{"line":292,"column":7}},"locations":[{"start":{"line":290,"column":38},"end":{"line":292,"column":7}}]},"44":{"type":"branch","line":301,"loc":{"start":{"line":301,"column":2},"end":{"line":309,"column":3}},"locations":[{"start":{"line":301,"column":2},"end":{"line":309,"column":3}}]},"45":{"type":"branch","line":309,"loc":{"start":{"line":309,"column":2},"end":{"line":312,"column":1}},"locations":[{"start":{"line":309,"column":2},"end":{"line":312,"column":1}}]},"46":{"type":"branch","line":268,"loc":{"start":{"line":268,"column":48},"end":{"line":268,"column":59}},"locations":[{"start":{"line":268,"column":48},"end":{"line":268,"column":59}}]},"47":{"type":"branch","line":269,"loc":{"start":{"line":269,"column":46},"end":{"line":269,"column":57}},"locations":[{"start":{"line":269,"column":46},"end":{"line":269,"column":57}}]},"48":{"type":"branch","line":271,"loc":{"start":{"line":271,"column":46},"end":{"line":271,"column":74}},"locations":[{"start":{"line":271,"column":46},"end":{"line":271,"column":74}}]},"49":{"type":"branch","line":272,"loc":{"start":{"line":272,"column":45},"end":{"line":272,"column":72}},"locations":[{"start":{"line":272,"column":45},"end":{"line":272,"column":72}}]},"50":{"type":"branch","line":273,"loc":{"start":{"line":273,"column":47},"end":{"line":276,"column":5}},"locations":[{"start":{"line":273,"column":47},"end":{"line":276,"column":5}}]},"51":{"type":"branch","line":275,"loc":{"start":{"line":275,"column":13},"end":{"line":275,"column":55}},"locations":[{"start":{"line":275,"column":13},"end":{"line":275,"column":55}}]},"52":{"type":"branch","line":274,"loc":{"start":{"line":274,"column":40},"end":{"line":274,"column":65}},"locations":[{"start":{"line":274,"column":40},"end":{"line":274,"column":65}}]},"53":{"type":"branch","line":314,"loc":{"start":{"line":314,"column":0},"end":{"line":329,"column":1}},"locations":[{"start":{"line":314,"column":0},"end":{"line":329,"column":1}}]},"54":{"type":"branch","line":318,"loc":{"start":{"line":318,"column":39},"end":{"line":326,"column":3}},"locations":[{"start":{"line":318,"column":39},"end":{"line":326,"column":3}}]},"55":{"type":"branch","line":331,"loc":{"start":{"line":331,"column":0},"end":{"line":375,"column":1}},"locations":[{"start":{"line":331,"column":0},"end":{"line":375,"column":1}}]},"56":{"type":"branch","line":335,"loc":{"start":{"line":335,"column":39},"end":{"line":337,"column":3}},"locations":[{"start":{"line":335,"column":39},"end":{"line":337,"column":3}}]},"57":{"type":"branch","line":351,"loc":{"start":{"line":351,"column":2},"end":{"line":353,"column":3}},"locations":[{"start":{"line":351,"column":2},"end":{"line":353,"column":3}}]},"58":{"type":"branch","line":355,"loc":{"start":{"line":355,"column":34},"end":{"line":370,"column":3}},"locations":[{"start":{"line":355,"column":34},"end":{"line":370,"column":3}}]},"59":{"type":"branch","line":363,"loc":{"start":{"line":363,"column":4},"end":{"line":365,"column":5}},"locations":[{"start":{"line":363,"column":4},"end":{"line":365,"column":5}}]},"60":{"type":"branch","line":347,"loc":{"start":{"line":347,"column":8},"end":{"line":348,"column":76}},"locations":[{"start":{"line":347,"column":8},"end":{"line":348,"column":76}}]},"61":{"type":"branch","line":348,"loc":{"start":{"line":348,"column":24},"end":{"line":348,"column":56}},"locations":[{"start":{"line":348,"column":24},"end":{"line":348,"column":56}}]},"62":{"type":"branch","line":348,"loc":{"start":{"line":348,"column":51},"end":{"line":348,"column":76}},"locations":[{"start":{"line":348,"column":51},"end":{"line":348,"column":76}}]},"63":{"type":"branch","line":350,"loc":{"start":{"line":350,"column":11},"end":{"line":350,"column":24}},"locations":[{"start":{"line":350,"column":11},"end":{"line":350,"column":24}}]},"64":{"type":"branch","line":361,"loc":{"start":{"line":361,"column":16},"end":{"line":361,"column":64}},"locations":[{"start":{"line":361,"column":16},"end":{"line":361,"column":64}}]},"65":{"type":"branch","line":362,"loc":{"start":{"line":362,"column":13},"end":{"line":362,"column":26}},"locations":[{"start":{"line":362,"column":13},"end":{"line":362,"column":26}}]},"66":{"type":"branch","line":377,"loc":{"start":{"line":377,"column":0},"end":{"line":477,"column":1}},"locations":[{"start":{"line":377,"column":0},"end":{"line":477,"column":1}}]},"67":{"type":"branch","line":385,"loc":{"start":{"line":385,"column":47},"end":{"line":474,"column":3}},"locations":[{"start":{"line":385,"column":47},"end":{"line":474,"column":3}}]},"68":{"type":"branch","line":390,"loc":{"start":{"line":390,"column":6},"end":{"line":406,"column":7}},"locations":[{"start":{"line":390,"column":6},"end":{"line":406,"column":7}}]},"69":{"type":"branch","line":402,"loc":{"start":{"line":402,"column":8},"end":{"line":404,"column":9}},"locations":[{"start":{"line":402,"column":8},"end":{"line":404,"column":9}}]},"70":{"type":"branch","line":408,"loc":{"start":{"line":408,"column":6},"end":{"line":417,"column":7}},"locations":[{"start":{"line":408,"column":6},"end":{"line":417,"column":7}}]},"71":{"type":"branch","line":413,"loc":{"start":{"line":413,"column":8},"end":{"line":415,"column":9}},"locations":[{"start":{"line":413,"column":8},"end":{"line":415,"column":9}}]},"72":{"type":"branch","line":419,"loc":{"start":{"line":419,"column":6},"end":{"line":467,"column":7}},"locations":[{"start":{"line":419,"column":6},"end":{"line":467,"column":7}}]},"73":{"type":"branch","line":437,"loc":{"start":{"line":437,"column":12},"end":{"line":445,"column":13}},"locations":[{"start":{"line":437,"column":12},"end":{"line":445,"column":13}}]},"74":{"type":"branch","line":459,"loc":{"start":{"line":459,"column":12},"end":{"line":461,"column":13}},"locations":[{"start":{"line":459,"column":12},"end":{"line":461,"column":13}}]},"75":{"type":"branch","line":462,"loc":{"start":{"line":462,"column":10},"end":{"line":464,"column":11}},"locations":[{"start":{"line":462,"column":10},"end":{"line":464,"column":11}}]},"76":{"type":"branch","line":469,"loc":{"start":{"line":469,"column":6},"end":{"line":470,"column":37}},"locations":[{"start":{"line":469,"column":6},"end":{"line":470,"column":37}}]},"77":{"type":"branch","line":383,"loc":{"start":{"line":383,"column":48},"end":{"line":383,"column":64}},"locations":[{"start":{"line":383,"column":48},"end":{"line":383,"column":64}}]},"78":{"type":"branch","line":479,"loc":{"start":{"line":479,"column":0},"end":{"line":492,"column":1}},"locations":[{"start":{"line":479,"column":0},"end":{"line":492,"column":1}}]},"79":{"type":"branch","line":486,"loc":{"start":{"line":486,"column":20},"end":{"line":488,"column":3}},"locations":[{"start":{"line":486,"column":20},"end":{"line":488,"column":3}}]},"80":{"type":"branch","line":488,"loc":{"start":{"line":488,"column":2},"end":{"line":492,"column":1}},"locations":[{"start":{"line":488,"column":2},"end":{"line":492,"column":1}}]}},"b":{"0":[102],"1":[35],"2":[67],"3":[18],"4":[16],"5":[10],"6":[6],"7":[3],"8":[1],"9":[3],"10":[0],"11":[6],"12":[8],"13":[1],"14":[7],"15":[0],"16":[7],"17":[0],"18":[7],"19":[4],"20":[4],"21":[7],"22":[2],"23":[1],"24":[1],"25":[0],"26":[0],"27":[7],"28":[1],"29":[0],"30":[0],"31":[7],"32":[0],"33":[0],"34":[7],"35":[16],"36":[15],"37":[1],"38":[0],"39":[1],"40":[0],"41":[0],"42":[1],"43":[0],"44":[0],"45":[1],"46":[1],"47":[1],"48":[1],"49":[1],"50":[1],"51":[0],"52":[1],"53":[16],"54":[13],"55":[16],"56":[0],"57":[0],"58":[8],"59":[0],"60":[18],"61":[11],"62":[11],"63":[8],"64":[8],"65":[8],"66":[7],"67":[8],"68":[1],"69":[0],"70":[4],"71":[0],"72":[3],"73":[0],"74":[0],"75":[0],"76":[0],"77":[11],"78":[5],"79":[3],"80":[2]},"fnMap":{"0":{"name":"fileExists","decl":{"start":{"line":43,"column":0},"end":{"line":50,"column":1}},"loc":{"start":{"line":43,"column":0},"end":{"line":50,"column":1}},"line":43},"1":{"name":"readJson","decl":{"start":{"line":52,"column":0},"end":{"line":55,"column":1}},"loc":{"start":{"line":52,"column":0},"end":{"line":55,"column":1}},"line":52},"2":{"name":"diagnoseConfig","decl":{"start":{"line":57,"column":0},"end":{"line":95,"column":1}},"loc":{"start":{"line":57,"column":0},"end":{"line":95,"column":1}},"line":57},"3":{"name":"diagnoseItem","decl":{"start":{"line":97,"column":0},"end":{"line":241,"column":1}},"loc":{"start":{"line":97,"column":0},"end":{"line":241,"column":1}},"line":97},"4":{"name":"diagnoseIndex","decl":{"start":{"line":243,"column":0},"end":{"line":312,"column":1}},"loc":{"start":{"line":243,"column":0},"end":{"line":312,"column":1}},"line":243},"5":{"name":"diagnosePrompts","decl":{"start":{"line":314,"column":0},"end":{"line":329,"column":1}},"loc":{"start":{"line":314,"column":0},"end":{"line":329,"column":1}},"line":314},"6":{"name":"diagnose","decl":{"start":{"line":331,"column":0},"end":{"line":375,"column":1}},"loc":{"start":{"line":331,"column":0},"end":{"line":375,"column":1}},"line":331},"7":{"name":"applyFixes","decl":{"start":{"line":377,"column":0},"end":{"line":477,"column":1}},"loc":{"start":{"line":377,"column":0},"end":{"line":477,"column":1}},"line":377},"8":{"name":"runDoctor","decl":{"start":{"line":479,"column":0},"end":{"line":492,"column":1}},"loc":{"start":{"line":479,"column":0},"end":{"line":492,"column":1}},"line":479}},"f":{"0":102,"1":18,"2":16,"3":8,"4":16,"5":16,"6":16,"7":7,"8":5}}
,"/Users/mhostetler/Source/MikeHostetler/wreckitloop/src/errors.ts": {"path":"/Users/mhostetler/Source/MikeHostetler/wreckitloop/src/errors.ts","all":false,"statementMap":{"0":{"start":{"line":1,"column":0},"end":{"line":1,"column":41}},"1":{"start":{"line":2,"column":0},"end":{"line":2,"column":14}},"2":{"start":{"line":3,"column":0},"end":{"line":3,"column":20}},"3":{"start":{"line":4,"column":0},"end":{"line":4,"column":23}},"4":{"start":{"line":5,"column":0},"end":{"line":5,"column":5}},"5":{"start":{"line":6,"column":0},"end":{"line":6,"column":19}},"6":{"start":{"line":7,"column":0},"end":{"line":7,"column":31}},"7":{"start":{"line":8,"column":0},"end":{"line":8,"column":3}},"8":{"start":{"line":9,"column":0},"end":{"line":9,"column":1}},"10":{"start":{"line":11,"column":0},"end":{"line":11,"column":53}},"11":{"start":{"line":12,"column":0},"end":{"line":12,"column":32}},"12":{"start":{"line":13,"column":0},"end":{"line":13,"column":37}},"13":{"start":{"line":14,"column":0},"end":{"line":14,"column":36}},"14":{"start":{"line":15,"column":0},"end":{"line":15,"column":3}},"15":{"start":{"line":16,"column":0},"end":{"line":16,"column":1}},"17":{"start":{"line":18,"column":0},"end":{"line":18,"column":52}},"18":{"start":{"line":19,"column":0},"end":{"line":19,"column":32}},"19":{"start":{"line":20,"column":0},"end":{"line":20,"column":35}},"20":{"start":{"line":21,"column":0},"end":{"line":21,"column":35}},"21":{"start":{"line":22,"column":0},"end":{"line":22,"column":3}},"22":{"start":{"line":23,"column":0},"end":{"line":23,"column":1}},"24":{"start":{"line":25,"column":0},"end":{"line":25,"column":57}},"25":{"start":{"line":26,"column":0},"end":{"line":26,"column":32}},"26":{"start":{"line":27,"column":0},"end":{"line":27,"column":40}},"27":{"start":{"line":28,"column":0},"end":{"line":28,"column":40}},"28":{"start":{"line":29,"column":0},"end":{"line":29,"column":3}},"29":{"start":{"line":30,"column":0},"end":{"line":30,"column":1}},"31":{"start":{"line":32,"column":0},"end":{"line":32,"column":53}},"32":{"start":{"line":33,"column":0},"end":{"line":33,"column":32}},"33":{"start":{"line":34,"column":0},"end":{"line":34,"column":37}},"34":{"start":{"line":35,"column":0},"end":{"line":35,"column":36}},"35":{"start":{"line":36,"column":0},"end":{"line":36,"column":3}},"36":{"start":{"line":37,"column":0},"end":{"line":37,"column":1}},"38":{"start":{"line":39,"column":0},"end":{"line":39,"column":47}},"39":{"start":{"line":40,"column":0},"end":{"line":40,"column":32}},"40":{"start":{"line":41,"column":0},"end":{"line":41,"column":35}},"41":{"start":{"line":42,"column":0},"end":{"line":42,"column":30}},"42":{"start":{"line":43,"column":0},"end":{"line":43,"column":3}},"43":{"start":{"line":44,"column":0},"end":{"line":44,"column":1}},"45":{"start":{"line":46,"column":0},"end":{"line":46,"column":46}},"46":{"start":{"line":47,"column":0},"end":{"line":47,"column":32}},"47":{"start":{"line":48,"column":0},"end":{"line":48,"column":34}},"48":{"start":{"line":49,"column":0},"end":{"line":49,"column":29}},"49":{"start":{"line":50,"column":0},"end":{"line":50,"column":3}},"50":{"start":{"line":51,"column":0},"end":{"line":51,"column":1}},"52":{"start":{"line":53,"column":0},"end":{"line":53,"column":44}},"53":{"start":{"line":54,"column":0},"end":{"line":54,"column":32}},"54":{"start":{"line":55,"column":0},"end":{"line":55,"column":32}},"55":{"start":{"line":56,"column":0},"end":{"line":56,"column":27}},"56":{"start":{"line":57,"column":0},"end":{"line":57,"column":3}},"57":{"start":{"line":58,"column":0},"end":{"line":58,"column":1}},"59":{"start":{"line":60,"column":0},"end":{"line":60,"column":48}},"60":{"start":{"line":61,"column":0},"end":{"line":61,"column":32}},"61":{"start":{"line":62,"column":0},"end":{"line":62,"column":30}},"62":{"start":{"line":63,"column":0},"end":{"line":63,"column":31}},"63":{"start":{"line":64,"column":0},"end":{"line":64,"column":3}},"64":{"start":{"line":65,"column":0},"end":{"line":65,"column":1}},"66":{"start":{"line":67,"column":0},"end":{"line":67,"column":52}},"67":{"start":{"line":68,"column":0},"end":{"line":68,"column":17}},"68":{"start":{"line":69,"column":0},"end":{"line":69,"column":50}},"69":{"start":{"line":70,"column":0},"end":{"line":70,"column":35}},"70":{"start":{"line":71,"column":0},"end":{"line":71,"column":3}},"71":{"start":{"line":72,"column":0},"end":{"line":72,"column":1}},"73":{"start":{"line":74,"column":0},"end":{"line":74,"column":52}},"74":{"start":{"line":75,"column":0},"end":{"line":75,"column":46}},"75":{"start":{"line":76,"column":0},"end":{"line":76,"column":13}},"76":{"start":{"line":77,"column":0},"end":{"line":77,"column":3}},"78":{"start":{"line":79,"column":0},"end":{"line":79,"column":42}},"79":{"start":{"line":80,"column":0},"end":{"line":80,"column":15}},"80":{"start":{"line":81,"column":0},"end":{"line":81,"column":3}},"82":{"start":{"line":83,"column":0},"end":{"line":83,"column":31}},"83":{"start":{"line":84,"column":0},"end":{"line":84,"column":48}},"84":{"start":{"line":85,"column":0},"end":{"line":85,"column":72}},"85":{"start":{"line":86,"column":0},"end":{"line":86,"column":17}},"86":{"start":{"line":87,"column":0},"end":{"line":87,"column":5}},"87":{"start":{"line":88,"column":0},"end":{"line":88,"column":3}},"89":{"start":{"line":90,"column":0},"end":{"line":90,"column":11}},"90":{"start":{"line":91,"column":0},"end":{"line":91,"column":1}},"92":{"start":{"line":93,"column":0},"end":{"line":93,"column":74}},"93":{"start":{"line":94,"column":0},"end":{"line":94,"column":38}},"94":{"start":{"line":95,"column":0},"end":{"line":95,"column":72}},"95":{"start":{"line":96,"column":0},"end":{"line":96,"column":3}},"97":{"start":{"line":98,"column":0},"end":{"line":98,"column":31}},"98":{"start":{"line":99,"column":0},"end":{"line":99,"column":77}},"99":{"start":{"line":100,"column":0},"end":{"line":100,"column":3}},"101":{"start":{"line":102,"column":0},"end":{"line":102,"column":75}},"102":{"start":{"line":103,"column":0},"end":{"line":103,"column":1}},"104":{"start":{"line":105,"column":0},"end":{"line":105,"column":71}},"105":{"start":{"line":106,"column":0},"end":{"line":106,"column":39}},"106":{"start":{"line":107,"column":0},"end":{"line":107,"column":1}}},"s":{"0":1,"1":1,"2":65,"3":65,"4":65,"5":65,"6":65,"7":65,"8":1,"10":1,"11":1,"12":3,"13":3,"14":3,"15":1,"17":1,"18":1,"19":4,"20":4,"21":4,"22":1,"24":1,"25":1,"26":7,"27":7,"28":7,"29":1,"31":1,"32":1,"33":25,"34":25,"35":25,"36":1,"38":1,"39":1,"40":5,"41":5,"42":5,"43":1,"45":1,"46":1,"47":0,"48":0,"49":0,"50":1,"52":1,"53":1,"54":0,"55":0,"56":0,"57":1,"59":1,"60":1,"61":0,"62":0,"63":0,"64":1,"66":1,"67":1,"68":3,"69":3,"70":3,"71":1,"73":1,"74":17,"75":2,"76":2,"78":17,"79":2,"80":2,"82":17,"83":9,"84":9,"85":3,"86":3,"87":9,"89":10,"90":10,"92":1,"93":3,"94":1,"95":1,"97":3,"98":1,"99":1,"101":1,"102":1,"104":1,"105":22,"106":22},"branchMap":{"0":{"type":"branch","line":2,"loc":{"start":{"line":2,"column":2},"end":{"line":8,"column":3}},"locations":[{"start":{"line":2,"column":2},"end":{"line":8,"column":3}}]},"1":{"type":"branch","line":12,"loc":{"start":{"line":12,"column":2},"end":{"line":15,"column":3}},"locations":[{"start":{"line":12,"column":2},"end":{"line":15,"column":3}}]},"2":{"type":"branch","line":19,"loc":{"start":{"line":19,"column":2},"end":{"line":22,"column":3}},"locations":[{"start":{"line":19,"column":2},"end":{"line":22,"column":3}}]},"3":{"type":"branch","line":26,"loc":{"start":{"line":26,"column":2},"end":{"line":29,"column":3}},"locations":[{"start":{"line":26,"column":2},"end":{"line":29,"column":3}}]},"4":{"type":"branch","line":33,"loc":{"start":{"line":33,"column":2},"end":{"line":36,"column":3}},"locations":[{"start":{"line":33,"column":2},"end":{"line":36,"column":3}}]},"5":{"type":"branch","line":40,"loc":{"start":{"line":40,"column":2},"end":{"line":43,"column":3}},"locations":[{"start":{"line":40,"column":2},"end":{"line":43,"column":3}}]},"6":{"type":"branch","line":68,"loc":{"start":{"line":68,"column":2},"end":{"line":71,"column":3}},"locations":[{"start":{"line":68,"column":2},"end":{"line":71,"column":3}}]},"7":{"type":"branch","line":74,"loc":{"start":{"line":74,"column":7},"end":{"line":91,"column":1}},"locations":[{"start":{"line":74,"column":7},"end":{"line":91,"column":1}}]},"8":{"type":"branch","line":75,"loc":{"start":{"line":75,"column":16},"end":{"line":75,"column":45}},"locations":[{"start":{"line":75,"column":16},"end":{"line":75,"column":45}}]},"9":{"type":"branch","line":75,"loc":{"start":{"line":75,"column":45},"end":{"line":77,"column":3}},"locations":[{"start":{"line":75,"column":45},"end":{"line":77,"column":3}}]},"10":{"type":"branch","line":77,"loc":{"start":{"line":77,"column":2},"end":{"line":79,"column":41}},"locations":[{"start":{"line":77,"column":2},"end":{"line":79,"column":41}}]},"11":{"type":"branch","line":79,"loc":{"start":{"line":79,"column":41},"end":{"line":81,"column":3}},"locations":[{"start":{"line":79,"column":41},"end":{"line":81,"column":3}}]},"12":{"type":"branch","line":81,"loc":{"start":{"line":81,"column":2},"end":{"line":83,"column":30}},"locations":[{"start":{"line":81,"column":2},"end":{"line":83,"column":30}}]},"13":{"type":"branch","line":83,"loc":{"start":{"line":83,"column":30},"end":{"line":91,"column":1}},"locations":[{"start":{"line":83,"column":30},"end":{"line":91,"column":1}}]},"14":{"type":"branch","line":83,"loc":{"start":{"line":83,"column":30},"end":{"line":88,"column":3}},"locations":[{"start":{"line":83,"column":30},"end":{"line":88,"column":3}}]},"15":{"type":"branch","line":85,"loc":{"start":{"line":85,"column":33},"end":{"line":85,"column":71}},"locations":[{"start":{"line":85,"column":33},"end":{"line":85,"column":71}}]},"16":{"type":"branch","line":85,"loc":{"start":{"line":85,"column":71},"end":{"line":87,"column":5}},"locations":[{"start":{"line":85,"column":71},"end":{"line":87,"column":5}}]},"17":{"type":"branch","line":88,"loc":{"start":{"
[...]
:1,"410":1,"411":1,"412":1,"414":3,"415":3,"416":3,"418":3,"419":3,"421":2,"422":2,"423":2,"424":2,"425":2,"427":2,"428":2,"430":2,"431":0,"432":0,"433":0,"434":0,"435":0,"436":0,"438":2,"439":2,"440":1,"441":1,"442":1,"443":1,"444":1,"446":1,"447":1,"449":1,"450":1,"451":1,"452":1,"453":1,"454":1,"456":2,"457":0,"458":0,"459":0,"461":1,"463":1,"464":1,"466":1,"467":1,"468":1,"469":1,"470":1,"471":1,"472":1,"474":1,"475":1,"476":1,"477":1,"478":1,"479":1,"480":1,"481":1,"482":1,"484":1,"485":2,"486":2,"488":2,"489":2,"491":2,"492":2,"493":2,"494":2,"495":2,"497":2,"499":2,"500":1,"501":1,"502":1,"503":1,"504":1,"505":1,"507":2,"508":0,"509":0,"510":0,"512":2,"513":0,"514":0,"515":0,"516":0,"517":0,"518":0,"520":1,"521":1,"523":2,"524":0,"525":0,"526":0,"527":0,"528":0,"529":0,"531":1,"532":1,"534":1,"536":1,"537":1,"539":1,"540":27,"541":27,"542":27,"543":27,"544":8,"545":27,"546":7,"547":27,"548":6,"549":27,"550":2,"551":27,"552":3,"553":27,"554":1,"555":27,"556":0,"557":27,"558":27},"branchMap":{"0":{"type":"branch","line":47,"loc":{"start":{"line":47,"column":0},"end":{"line":54,"column":1}},"locations":[{"start":{"line":47,"column":0},"end":{"line":54,"column":1}}]},"1":{"type":"branch","line":49,"loc":{"start":{"line":49,"column":28},"end":{"line":51,"column":10}},"locations":[{"start":{"line":49,"column":28},"end":{"line":51,"column":10}}]},"2":{"type":"branch","line":51,"loc":{"start":{"line":51,"column":2},"end":{"line":53,"column":3}},"locations":[{"start":{"line":51,"column":2},"end":{"line":53,"column":3}}]},"3":{"type":"branch","line":56,"loc":{"start":{"line":56,"column":0},"end":{"line":62,"column":1}},"locations":[{"start":{"line":56,"column":0},"end":{"line":62,"column":1}}]},"4":{"type":"branch","line":59,"loc":{"start":{"line":59,"column":2},"end":{"line":61,"column":3}},"locations":[{"start":{"line":59,"column":2},"end":{"line":61,"column":3}}]},"5":{"type":"branch","line":64,"loc":{"start":{"line":64,"column":0},"end":{"line":70,"column":1}},"locations":[{"start":{"line":64,"column":0},"end":{"line":70,"column":1}}]},"6":{"type":"branch","line":67,"loc":{"start":{"line":67,"column":2},"end":{"line":69,"column":3}},"locations":[{"start":{"line":67,"column":2},"end":{"line":69,"column":3}}]},"7":{"type":"branch","line":72,"loc":{"start":{"line":72,"column":0},"end":{"line":93,"column":1}},"locations":[{"start":{"line":72,"column":0},"end":{"line":93,"column":1}}]},"8":{"type":"branch","line":95,"loc":{"start":{"line":95,"column":0},"end":{"line":98,"column":1}},"locations":[{"start":{"line":95,"column":0},"end":{"line":98,"column":1}}]},"9":{"type":"branch","line":100,"loc":{"start":{"line":100,"column":0},"end":{"line":106,"column":1}},"locations":[{"start":{"line":100,"column":0},"end":{"line":106,"column":1}}]},"10":{"type":"branch","line":108,"loc":{"start":{"line":108,"column":0},"end":{"line":135,"column":1}},"locations":[{"start":{"line":108,"column":0},"end":{"line":135,"column":1}}]},"11":{"type":"branch","line":137,"loc":{"start":{"line":137,"column":0},"end":{"line":218,"column":1}},"locations":[{"start":{"line":137,"column":0},"end":{"line":218,"column":1}}]},"12":{"type":"branch","line":146,"loc":{"start":{"line":146,"column":7},"end":{"line":146,"column":50}},"locations":[{"start":{"line":146,"column":7},"end":{"line":146,"column":50}}]},"13":{"type":"branch","line":146,"loc":{"start":{"line":146,"column":50},"end":{"line":153,"column":3}},"locations":[{"start":{"line":146,"column":50},"end":{"line":153,"column":3}}]},"14":{"type":"branch","line":153,"loc":{"start":{"line":153,"column":2},"end":{"line":157,"column":30}},"locations":[{"start":{"line":153,"column":2},"end":{"line":157,"column":30}}]},"15":{"type":"branch","line":157,"loc":{"start":{"line":157,"column":21},"end":{"line":157,"column":38}},"locations":[{"start":{"line":157,"column":21},"end":{"line":157,"column":38}}]},"16":{"type":"branch","line":157,"loc":{"start":{"line":157,"column":38},"end":{"line":163,"column":3}},"locations":[{"start":{"line":157,"column":38},"end":{"line":163,"column":3}}]},"17":{"type":"branch","line":163,"loc":{"start":{"line":163,"column":2},"end":{"line":166,"column":15}},"locations":[{"start":{"line":163,"column":2},"end":{"line":166,"column":15}}]},"18":{"type":"branch","line":166,"loc":{"start":{"line":166,"column":6},"end":{"line":166,"column":37}},"locations":[{"start":{"line":166,"column":6},"end":{"line":166,"column":37}}]},"19":{"type":"branch","line":166,"loc":{"start":{"line":166,"column":37},"end":{"line":168,"column":3}},"locations":[{"start":{"line":166,"column":37},"end":{"line":168,"column":3}}]},"20":{"type":"branch","line":168,"loc":{"start":{"line":168,"column":2},"end":{"line":185,"column":14}},"locations":[{"start":{"line":168,"column":2},"end":{"line":185,"column":14}}]},"21":{"type":"branch","line":185,"loc":{"start":{"line":185,"column":14},"end":{"line":187,"column":3}},"locations":[{"start":{"line":185,"column":14},"end":{"line":187,"column":3}}]},"22":{"type":"branch","line":187,"loc":{"start":{"line":187,"column":2},"end":{"line":189,"column":23}},"locations":[{"start":{"line":187,"column":2},"end":{"line":189,"column":23}}]},"23":{"type":"branch","line":189,"loc":{"start":{"line":189,"column":23},"end":{"line":196,"column":3}},"locations":[{"start":{"line":189,"column":23},"end":{"line":196,"column":3}}]},"24":{"type":"branch","line":196,"loc":{"start":{"line":196,"column":2},"end":{"line":198,"column":41}},"locations":[{"start":{"line":196,"column":2},"end":{"line":198,"column":41}}]},"25":{"type":"branch","line":198,"loc":{"start":{"line":198,"column":41},"end":{"line":203,"column":3}},"locations":[{"start":{"line":198,"column":41},"end":{"line":203,"column":3}}]},"26":{"type":"branch","line":203,"loc":{"start":{"line":203,"column":2},"end":{"line":207,"column":25}},"locations":[{"start":{"line":203,"column":2},"end":{"line":207,"column":25}}]},"27":{"type":"branch","line":207,"loc":{"start":{"line":207,"column":25},"end":{"line":212,"column":3}},"locations":[{"start":{"line":207,"column":25},"end":{"line":212,"column":3}}]},"28":{"type":"branch","line":212,"loc":{"start":{"line":212,"column":2},"end":{"line":218,"column":1}},"locations":[{"start":{"line":212,"column":2},"end":{"line":218,"column":1}}]},"29":{"type":"branch","line":220,"loc":{"start":{"line":220,"column":0},"end":{"line":314,"column":1}},"locations":[{"start":{"line":220,"column":0},"end":{"line":314,"column":1}}]},"30":{"type":"branch","line":230,"loc":{"start":{"line":230,"column":42},"end":{"line":240,"column":3}},"locations":[{"start":{"line":230,"column":42},"end":{"line":240,"column":3}}]},"31":{"type":"branch","line":242,"loc":{"start":{"line":242,"column":21},"end":{"line":242,"column":45}},"locations":[{"start":{"line":242,"column":21},"end":{"line":242,"column":45}}]},"32":{"type":"branch","line":242,"loc":{"start":{"line":242,"column":45},"end":{"line":248,"column":3}},"locations":[{"start":{"line":242,"column":45},"end":{"line":248,"column":3}}]},"33":{"type":"branch","line":265,"loc":{"start":{"line":265,"column":14},"end":{"line":267,"column":3}},"locations":[{"start":{"line":265,"column":14},"end":{"line":267,"column":3}}]},"34":{"type":"branch","line":269,"loc":{"start":{"line":269,"column":23},"end":{"line":276,"column":3}},"locations":[{"start":{"line":269,"column":23},"end":{"line":276,"column":3}}]},"35":{"type":"branch","line":278,"loc":{"start":{"line":278,"column":37},"end":{"line":283,"column":3}},"locations":[{"start":{"line":278,"column":37},"end":{"line":283,"column":3}}]},"36":{"type":"branch","line":283,"loc":{"start":{"line":283,"column":2},"end":{"line":285,"column":36}},"locations":[{"start":{"line":283,"column":2},"end":{"line":285,"column":36}}]},"37":{"type":"branch","line":285,"loc":{"start":{"line":285,"column":36},"end":{"line":290,"column":3}},"locations":[{"start":{"line":285,"column":36},"end":{"line":290,"column":3}}]},"38":{"type":"branch","line":290,"loc":{"start":{"line":290,"column":2},"end":{"line":293,"column":12}},"locations":[{"start":{"line":290,"column":2},"end":{"line":293,"column":12}}]},"39":{"type":"branch","line":293,"loc":{"start":{"line":293,"column":12},"end":{"line":298,"column":3}},"locations":[{"start":{"line":293,"column":12},"end":{"line":298,"column":3}}]},"40":{"type":"branch","line":298,"loc":{"start":{"line":298,"column":2},"end":{"line":303,"column":25}},"locations":[{"start":{"line":298,"column":2},"end":{"line":303,"column":25}}]},"41":{"type":"branch","line":303,"loc":{"start":{"line":303,"column":25},"end":{"line":308,"column":3}},"locations":[{"start":{"line":303,"column":25},"end":{"line":308,"column":3}}]},"42":{"type":"branch","line":308,"loc":{"start":{"line":308,"column":2},"end":{"line":314,"column":1}},"locations":[{"start":{"line":308,"column":2},"end":{"line":314,"column":1}}]},"43":{"type":"branch","line":316,"loc":{"start":{"line":316,"column":0},"end":{"line":420,"column":1}},"locations":[{"start":{"line":316,"column":0},"end":{"line":420,"column":1}}]},"44":{"type":"branch","line":325,"loc":{"start":{"line":325,"column":21},"end":{"line":325,"column":67}},"locations":[{"start":{"line":325,"column":21},"end":{"line":325,"column":67}}]},"45":{"type":"branch","line":325,"loc":{"start":{"line":325,"column":49},"end":{"line":325,"column":75}},"locations":[{"start":{"line":325,"column":49},"end":{"line":325,"column":75}}]},"46":{"type":"branch","line":325,"loc":{"start":{"line":325,"column":75},"end":{"line":331,"column":3}},"locations":[{"start":{"line":325,"column":75},"end":{"line":331,"column":3}}]},"47":{"type":"branch","line":334,"loc":{"start":{"line":334,"column":12},"end":{"line":339,"column":3}},"locations":[{"start":{"line":334,"column":12},"end":{"line":339,"column":3}}]},"48":{"type":"branch","line":341,"loc":{"start":{"line":341,"column":27},"end":{"line":344,"column":3}},"locations":[{"start":{"line":341,"column":27},"end":{"line":344,"column":3}}]},"49":{"type":"branch","line":354,"loc":{"start":{"line":354,"column":30},"end":{"line":354,"column":62}},"locations":[{"start":{"line":354,"column":30},"end":{"line":354,"column":62}}]},"50":{"type":"branch","line":354,"loc":{"start":{"line":354,"column":62},"end":{"line":406,"column":3}},"locations":[{"start":{"line":354,"column":62},"end":{"line":406,"column":3}}]},"51":{"type":"branch","line":361,"loc":{"start":{"line":361,"column":37},"end":{"line":361,"column":43}},"locations":[{"start":{"line":361,"column":37},"end":{"line":361,"column":43}}]},"52":{"type":"branch","line":381,"loc":{"start":{"line":381,"column":16},"end":{"line":383,"column":5}},"locations":[{"start":{"line":381,"column":16},"end":{"line":383,"column":5}}]},"53":{"type":"branch","line":385,"loc":{"start":{"line":385,"column":25},"end":{"line":392,"column":5}},"locations":[{"start":{"line":385,"column":25},"end":{"line":392,"column":5}}]},"54":{"type":"branch","line":387,"loc":{"start":{"line":387,"column":10},"end":{"line":388,"column":59}},"locations":[{"start":{"line":387,"column":10},"end":{"line":388,"column":59}}]},"55":{"type":"branch","line":392,"loc":{"start":{"line":392,"column":4},"end":{"line":395,"column":14}},"locations":[{"start":{"line":392,"column":4},"end":{"line":395,"column":14}}]},"56":{"type":"branch","line":395,"loc":{"start":{"line":395,"column":14},"end":{"line":400,"column":5}},"locations":[{"start":{"line":395,"column":14},"end":{"line":400,"column":5}}]},"57":{"type":"branch","line":400,"loc":{"start":{"line":400,"column":4},"end":{"line":406,"column":3}},"locations":[{"start":{"line":400,"column":4},"end":{"line":406,"column":3}}]},"58":{"type":"branch","line":406,"loc":{"start":{"line":406,"column":2},"end":{"line":408,"column":36}},"locations":[{"start":{"line":406,"column":2},"end":{"line":408,"column":36}}]},"59":{"type":"branch","line":408,"loc":{"start":{"line":408,"column":19},"end":{"line":408,"column":60}},"locations":[{"start":{"line":408,"column":19},"end":{"line":408,"column":60}}]},"60":{"type":"branch","line":408,"loc":{"start":{"line":408,"column":60},"end":{"line":413,"column":3}},"locations":[{"start":{"line":408,"column":60},"end":{"line":413,"column":3}}]},"61":{"type":"branch","line":413,"loc":{"start":{"line":413,"column":2},"end":{"line":420,"column":1}},"locations":[{"start":{"line":413,"column":2},"end":{"line":420,"column":1}}]},"62":{"type":"branch","line":358,"loc":{"start":{"line":358,"column":14},"end":{"line":358,"column":43}},"locations":[{"start":{"line":358,"column":14},"end":{"line":358,"column":43}}]},"63":{"type":"branch","line":359,"loc":{"start":{"line":359,"column":12},"end":{"line":359,"column":45}},"locations":[{"start":{"line":359,"column":12},"end":{"line":359,"column":45}}]},"64":{"type":"branch","line":422,"loc":{"start":{"line":422,"column":0},"end":{"line":490,"column":1}},"locations":[{"start":{"line":422,"column":0},"end":{"line":490,"column":1}}]},"65":{"type":"branch","line":431,"loc":{"start":{"line":431,"column":37},"end":{"line":437,"column":3}},"locations":[{"start":{"line":431,"column":37},"end":{"line":437,"column":3}}]},"66":{"type":"branch","line":440,"loc":{"start":{"line":440,"column":28},"end":{"line":457,"column":47}},"locations":[{"start":{"line":440,"column":28},"end":{"line":457,"column":47}}]},"67":{"type":"branch","line":457,"loc":{"start":{"line":457,"column":47},"end":{"line":460,"column":3}},"locations":[{"start":{"line":457,"column":47},"end":{"line":460,"column":3}}]},"68":{"type":"branch","line":460,"loc":{"start":{"line":460,"column":2},"end":{"line":486,"column":38}},"locations":[{"start":{"line":460,"column":2},"end":{"line":486,"column":38}}]},"69":{"type":"branch","line":486,"loc":{"start":{"line":486,"column":26},"end":{"line":486,"column":47}},"locations":[{"start":{"line":486,"column":26},"end":{"line":486,"column":47}}]},"70":{"type":"branch","line":492,"loc":{"start":{"line":492,"column":0},"end":{"line":538,"column":1}},"locations":[{"start":{"line":492,"column":0},"end":{"line":538,"column":1}}]},"71":{"type":"branch","line":500,"loc":{"start":{"line":500,"column":30},"end":{"line":508,"column":14}},"locations":[{"start":{"line":500,"column":30},"end":{"line":508,"column":14}}]},"72":{"type":"branch","line":508,"loc":{"start":{"line":508,"column":14},"end":{"line":511,"column":3}},"locations":[{"start":{"line":508,"column":14},"end":{"line":511,"column":3}}]},"73":{"type":"branch","line":511,"loc":{"start":{"line":511,"column":2},"end":{"line":513,"column":31}},"locations":[{"start":{"line":511,"column":2},"end":{"line":513,"column":31}}]},"74":{"type":"branch","line":513,"loc":{"start":{"line":513,"column":31},"end":{"line":519,"column":3}},"locations":[{"start":{"line":513,"column":31},"end":{"line":519,"column":3}}]},"75":{"type":"branch","line":519,"loc":{"start":{"line":519,"column":2},"end":{"line":524,"column":17}},"locations":[{"start":{"line":519,"column":2},"end":{"line":524,"column":17}}]},"76":{"type":"branch","line":524,"loc":{"start":{"line":524,"column":17},"end":{"line":530,"column":3}},"locations":[{"start":{"line":524,"column":17},"end":{"line":530,"column":3}}]},"77":{"type":"branch","line":530,"loc":{"start":{"line":530,"column":2},"end":{"line":538,"column":1}},"locations":[{"start":{"line":530,"column":2},"end":{"line":538,"column":1}}]},"78":{"type":"branch","line":540,"loc":{"start":{"line":540,"column":7},"end":{"line":559,"column":1}},"locations":[{"start":{"line":540,"column":7},"end":{"line":559,"column":1}}]},"79":{"type":"branch","line":544,"loc":{"start":{"line":544,"column":4},"end":{"line":545,"column":24}},"locations":[{"start":{"line":544,"column":4},"end":{"line":545,"column":24}}]},"80":{"type":"branch","line":546,"loc":{"start":{"line":546,"column":4},"end":{"line":547,"column":20}},"locations":[{"start":{"line":546,"column":4},"end":{"line":547,"column":20}}]},"81":{"type":"branch","line":548,"loc":{"start":{"line":548,"column":4},"end":{"line":549,"column":25}},"locations":[{"start":{"line":548,"column":4},"end":{"line":549,"column":25}}]},"82":{"type":"branch","line":550,"loc":{"start":{"line":550,"column":4},"end":{"line":551,"column":18}},"locations":[{"start":{"line":550,"column":4},"end":{"line":551,"column":18}}]},"83":{"type":"branch","line":552,"loc":{"start":{"line":552,"column":4},"end":{"line":553,"column":24}},"locations":[{"start":{"line":552,"column":4},"end":{"line":553,"column":24}}]},"84":{"type":"branch","line":554,"loc":{"start":{"line":554,"column":4},"end":{"line":555,"column":18}},"locations":[{"start":{"line":554,"column":4},"end":{"line":555,"column":18}}]},"85":{"type":"branch","line":556,"loc":{"start":{"line":556,"column":4},"end":{"line":557,"column":18}},"locations":[{"start":{"line":556,"column":4},"end":{"line":557,"column":18}}]}},"b":{"0":[42],"1":[18],"2":[24],"3":[72],"4":[59],"5":[27],"6":[8],"7":[10],"8":[23],"9":[23],"10":[18],"11":[7],"12":[6],"13":[1],"14":[6],"15":[1],"16":[0],"17":[6],"18":[1],"19":[1],"20":[6],"21":[1],"22":[5],"23":[0],"24":[5],"25":[2],"26":[3],"27":[0],"28":[3],"29":[4],"30":[0],"31":[0],"32":[0],"33":[0],"34":[0],"35":[1],"36":[3],"37":[0],"38":[3],"39":[1],"40":[2],"41":[0],"42":[2],"43":[5],"44":[0],"45":[0],"46":[0],"47":[0],"48":[0],"49":[9],"50":[8],"51":[0],"52":[0],"53":[1],"54":[0],"55":[7],"56":[0],"57":[7],"58":[4],"59":[1],"60":[1],"61":[3],"62":[67],"63":[58],"64":[2],"65":[0],"66":[1],"67":[0],"68":[1],"69":[0],"70":[2],"71":[1],"72":[0],"73":[1],"74":[0],"75":[1],"76":[0],"77":[1],"78":[27],"79":[8],"80":[7],"81":[6],"82":[2],"83":[3],"84":[1],"85":[0]},"fnMap":{"0":{"name":"fileExists","decl":{"start":{"line":47,"column":0},"end":{"line":54,"column":1}},"loc":{"start":{"line":47,"column":0},"end":{"line":54,"column":1}},"line":47},"1":{"name":"readFileIfExists","decl":{"start":{"line":56,"column":0},"end":{"line":62,"column":1}},"loc":{"start":{"line":56,"column":0},"end":{"line":62,"column":1}},"line":56},"2":{"name":"loadPrdSafe","decl":{"start":{"line":64,"column":0},"end":{"line":70,"column":1}},"loc":{"start":{"line":64,"column":0},"end":{"line":70,"column":1}},"line":64},"3":{"name":"buildValidationContext","decl":{"start":{"line":72,"column":0},"end":{"line":93,"column":1}},"loc":{"start":{"line":72,"column":0},"end":{"line":93,"column":1}},"line":72},"4":{"name":"loadItem","decl":{"start":{"line":95,"column":0},"end":{"line":98,"column":1}},"loc":{"start":{"line":95,"column":0},"end":{"line":98,"column":1}},"line":95},"5":{"name":"saveItem","decl":{"start":{"line":100,"column":0},"end":{"line":106,"column":1}},"loc":{"start":{"line":100,"column":0},"end":{"line":106,"column":1}},"line":100},"6":{"name":"buildPromptVariables","decl":{"start":{"line":108,"column":0},"end":{"line":135,"column":1}},"loc":{"start":{"line":108,"column":0},"end":{"line":135,"column":1}},"line":108},"7":{"name":"runPhaseResearch","decl":{"start":{"line":137,"column":0},"end":{"line":218,"column":1}},"loc":{"start":{"line":137,"column":0},"end":{"line":218,"column":1}},"line":137},"8":{"name":"runPhasePlan","decl":{"start":{"line":220,"column":0},"end":{"line":314,"column":1}},"loc":{"start":{"line":220,"column":0},"end":{"line":314,"column":1}},"line":220},"9":{"name":"runPhaseImplement","decl":{"start":{"line":316,"column":0},"end":{"line":420,"column":1}},"loc":{"start":{"line":316,"column":0},"end":{"line":420,"column":1}},"line":316},"10":{"name":"runPhasePr","decl":{"start":{"line":422,"column":0},"end":{"line":490,"column":1}},"loc":{"start":{"line":422,"column":0},"end":{"line":490,"column":1}},"line":422},"11":{"name":"runPhaseComplete","decl":{"start":{"line":492,"column":0},"end":{"line":538,"column":1}},"loc":{"start":{"line":492,"column":0},"end":{"line":538,"column":1}},"line":492},"12":{"name":"getNextPhase","decl":{"start":{"line":540,"column":7},"end":{"line":559,"column":1}},"loc":{"start":{"line":540,"column":7},"end":{"line":559,"column":1}},"line":540}},"f":{"0":42,"1":72,"2":27,"3":10,"4":23,"5":23,"6":18,"7":7,"8":4,"9":5,"10":2,"11":2,"12":27}}
}
